0 info it worked if it ends with ok
1 verbose cli [ '/usr/local/bin/node',
1 verbose cli   '/usr/local/bin/npm',
1 verbose cli   'install',
1 verbose cli   '-g',
1 verbose cli   'cordova',
1 verbose cli   'ionic' ]
2 info using npm@2.14.7
3 info using node@v4.2.2
4 verbose install initial load of /usr/local/lib/package.json
5 verbose readDependencies loading dependencies from /usr/local/lib/package.json
6 silly cache add args [ 'cordova', null ]
7 verbose cache add spec cordova
8 silly cache add args [ 'ionic', null ]
9 verbose cache add spec ionic
10 silly cache add parsed spec Result {
10 silly cache add   raw: 'cordova',
10 silly cache add   scope: null,
10 silly cache add   name: 'cordova',
10 silly cache add   rawSpec: '',
10 silly cache add   spec: '*',
10 silly cache add   type: 'range' }
11 silly addNamed cordova@*
12 verbose addNamed "*" is a valid semver range for cordova
13 silly addNameRange { name: 'cordova', range: '*', hasData: false }
14 silly mapToRegistry name cordova
15 silly mapToRegistry using default registry
16 silly mapToRegistry registry https://registry.npmjs.org/
17 silly mapToRegistry uri https://registry.npmjs.org/cordova
18 verbose addNameRange registry:https://registry.npmjs.org/cordova not in flight; fetching
19 silly cache add parsed spec Result {
19 silly cache add   raw: 'ionic',
19 silly cache add   scope: null,
19 silly cache add   name: 'ionic',
19 silly cache add   rawSpec: '',
19 silly cache add   spec: '*',
19 silly cache add   type: 'range' }
20 silly addNamed ionic@*
21 verbose addNamed "*" is a valid semver range for ionic
22 silly addNameRange { name: 'ionic', range: '*', hasData: false }
23 silly mapToRegistry name ionic
24 silly mapToRegistry using default registry
25 silly mapToRegistry registry https://registry.npmjs.org/
26 silly mapToRegistry uri https://registry.npmjs.org/ionic
27 verbose addNameRange registry:https://registry.npmjs.org/ionic not in flight; fetching
28 verbose request uri https://registry.npmjs.org/cordova
29 verbose request no auth needed
30 info attempt registry request try #1 at 4:28:09 PM
31 verbose request id 8b8d9dcc9ced2ee7
32 http request GET https://registry.npmjs.org/cordova
33 verbose request uri https://registry.npmjs.org/ionic
34 verbose request no auth needed
35 info attempt registry request try #1 at 4:28:09 PM
36 http request GET https://registry.npmjs.org/ionic
37 http 200 https://registry.npmjs.org/cordova
38 verbose headers { 'content-type': 'application/json; charset=UTF-8',
38 verbose headers   server: 'UploadServer',
38 verbose headers   'cache-control': 'max-age=300',
38 verbose headers   'last-modified': 'Wed, 20 Dec 2017 2:51:08 GMT',
38 verbose headers   etag: '"5a39d01c-1d5811"',
38 verbose headers   'content-encoding': 'gzip',
38 verbose headers   'content-length': '65777',
38 verbose headers   'accept-ranges': 'bytes',
38 verbose headers   date: 'Tue, 26 Dec 2017 22:28:10 GMT',
38 verbose headers   via: '1.1 varnish',
38 verbose headers   age: '12490',
38 verbose headers   connection: 'keep-alive',
38 verbose headers   'x-served-by': 'cache-ord1745-ORD',
38 verbose headers   'x-cache': 'HIT',
38 verbose headers   'x-cache-hits': '1',
38 verbose headers   'x-timer': 'S1514327290.046543,VS0,VE1',
38 verbose headers   vary: 'Accept-Encoding, Accept' }
39 silly get cb [ 200,
39 silly get   { 'content-type': 'application/json; charset=UTF-8',
39 silly get     server: 'UploadServer',
39 silly get     'cache-control': 'max-age=300',
39 silly get     'last-modified': 'Wed, 20 Dec 2017 2:51:08 GMT',
39 silly get     etag: '"5a39d01c-1d5811"',
39 silly get     'content-encoding': 'gzip',
39 silly get     'content-length': '65777',
39 silly get     'accept-ranges': 'bytes',
39 silly get     date: 'Tue, 26 Dec 2017 22:28:10 GMT',
39 silly get     via: '1.1 varnish',
39 silly get     age: '12490',
39 silly get     connection: 'keep-alive',
39 silly get     'x-served-by': 'cache-ord1745-ORD',
39 silly get     'x-cache': 'HIT',
39 silly get     'x-cache-hits': '1',
39 silly get     'x-timer': 'S1514327290.046543,VS0,VE1',
39 silly get     vary: 'Accept-Encoding, Accept' } ]
40 verbose get saving cordova to /Users/Alverino/.npm/registry.npmjs.org/cordova/.cache.json
41 verbose makeDirectory /Users/Alverino/.npm creation not in flight; initializing
42 silly makeDirectory /Users/Alverino/.npm uid: 501 gid: 20
43 silly addNameRange number 2 { name: 'cordova', range: '*', hasData: true }
44 silly addNameRange versions [ 'cordova',
44 silly addNameRange   [ '0.0.1',
44 silly addNameRange     '0.0.2',
44 silly addNameRange     '0.0.3',
44 silly addNameRange     '0.0.4',
44 silly addNameRange     '0.0.5',
44 silly addNameRange     '0.0.6',
44 silly addNameRange     '0.0.7',
44 silly addNameRange     '0.0.8',
44 silly addNameRange     '0.0.9',
44 silly addNameRange     '0.1.0',
44 silly addNameRange     '0.1.1',
44 silly addNameRange     '0.1.2',
44 silly addNameRange     '0.1.3',
44 silly addNameRange     '0.1.4',
44 silly addNameRange     '0.1.5',
44 silly addNameRange     '0.1.6',
44 silly addNameRange     '0.1.7',
44 silly addNameRange     '0.1.8',
44 silly addNameRange     '0.1.9',
44 silly addNameRange     '0.1.10',
44 silly addNameRange     '0.1.11',
44 silly addNameRange     '0.1.12',
44 silly addNameRange     '0.1.13',
44 silly addNameRange     '0.1.14',
44 silly addNameRange     '2.2.0',
44 silly addNameRange     '2.3.0',
44 silly addNameRange     '2.3.1',
44 silly addNameRange     '2.3.2',
44 silly addNameRange     '2.3.3',
44 silly addNameRange     '2.3.5',
44 silly addNameRange     '2.3.6',
44 silly addNameRange     '2.4.0',
44 silly addNameRange     '2.4.1',
44 silly addNameRange     '2.4.2',
44 silly addNameRange     '2.4.3',
44 silly addNameRange     '2.4.4',
44 silly addNameRange     '2.4.5',
44 silly addNameRange     '2.4.6',
44 silly addNameRange     '2.4.7',
44 silly addNameRange     '2.4.8',
44 silly addNameRange     '2.4.9',
44 silly addNameRange     '2.4.10',
44 silly addNameRange     '2.5.0',
44 silly addNameRange     '2.5.2',
44 silly addNameRange     '2.5.3',
44 silly addNameRange     '2.5.4',
44 silly addNameRange     '2.5.5',
44 silly addNameRange     '2.6.0',
44 silly addNameRange     '2.6.1',
44 silly addNameRange     '2.6.2',
44 silly addNameRange     '2.7.0-rc.1',
44 silly addNameRange     '2.7.1-rc.1',
44 silly addNameRange     '2.7.2',
44 silly addNameRange     '2.7.3',
44 silly addNameRange     '2.7.4',
44 silly addNameRange     '2.8.0',
44 silly addNameRange     '2.8.1',
44 silly addNameRange     '2.8.2',
44 silly addNameRange     '2.8.3',
44 silly addNameRange     '2.8.4',
44 silly addNameRange     '2.8.5',
44 silly addNameRange     '2.8.6',
44 silly addNameRange     '2.8.7',
44 silly addNameRange     '2.8.8',
44 silly addNameRange     '2.8.9',
44 silly addNameRange     '2.8.10',
44 silly addNameRange     '2.8.11',
44 silly addNameRange     '2.8.12',
44 silly addNameRange     '2.8.13',
44 silly addNameRange     '2.8.14',
44 silly addNameRange     '2.8.15',
44 silly addNameRange     '2.8.16',
44 silly addNameRange     '2.8.17',
44 silly addNameRange     '2.8.18',
44 silly addNameRange     '2.8.19',
44 silly addNameRange     '2.8.20',
44 silly addNameRange     '2.8.21',
44 silly addNameRange     '2.8.22',
44 silly addNameRange     '2.8.23',
44 silly addNameRange     '2.8.24',
44 silly addNameRange     '2.8.25',
44 silly addNameRange     '2.9.0',
44 silly addNameRange     '2.9.1',
44 silly addNameRange     '2.9.2',
44 silly addNameRange     '2.9.3',
44 silly addNameRange     '2.9.4',
44 silly addNameRange     '2.9.5',
44 silly addNameRange     '2.9.6',
44 silly addNameRange     '2.9.7',
44 silly addNameRange     '3.0.0-rc1',
44 silly addNameRange     '3.0.0-rc1-1',
44 silly addNameRange     '3.0.0-rc1-3',
44 silly addNameRange     '3.0.0',
44 silly addNameRange     '3.0.1',
44 silly addNameRange     '3.0.2',
44 silly addNameRange     '3.0.3',
44 silly addNameRange     '3.0.4',
44 silly addNameRange     '3.0.5',
44 silly addNameRange     '3.0.6',
44 silly addNameRange     '3.0.7',
44 silly addNameRange     '3.0.8',
44 silly addNameRange     '3.0.9',
44 silly addNameRange     '3.0.10',
44 silly addNameRange     '3.1.0-0.1.0',
44 silly addNameRange     '3.1.0-0.2.0',
44 silly addNameRange     '3.2.0-rc.1',
44 silly addNameRange     '3.2.0-0.1.0',
44 silly addNameRange     '3.2.0-0.2.0',
44 silly addNameRange     '3.2.0-0.3.0',
44 silly addNameRange     '3.2.0-0.4.0',
44 silly addNameRange     '3.3.0-rc.1',
44 silly addNameRange     '3.3.0-0.1.1',
44 silly addNameRange     '3.3.1-0.1.2',
44 silly addNameRange     '2.9.0-rc1',
44 silly addNameRange     '3.3.1-0.3.0',
44 silly addNameRange     '3.3.1-0.3.1',
44 silly addNameRange     '3.3.1-0.4.1',
44 silly addNameRange     '3.3.1-0.4.2',
44 silly addNameRange     '3.4.0-0.1.0',
44 silly addNameRange     '3.4.0-0.1.1',
44 silly addNameRange     '3.4.0-0.1.2',
44 silly addNameRange     '3.4.0-0.1.3',
44 silly addNameRange     '0.0.0-fake',
44 silly addNameRange     '3.4.1-0.1.0',
44 silly addNameRange     '3.5.0-0.2.0',
44 silly addNameRange     '3.5.0-0.2.1',
44 silly addNameRange     '3.5.0-0.2.2',
44 silly addNameRange     '3.5.0-0.2.3',
44 silly addNameRange     '3.5.0-0.2.4',
44 silly addNameRange     '3.5.0-0.2.6',
44 silly addNameRange     '3.5.0-0.2.7',
44 silly addNameRange     '3.6.0-0.2.8',
44 silly addNameRange     '3.6.0-0.2.9',
44 silly addNameRange     '3.6.1-0.2.10',
44 silly addNameRange     '3.6.3-0.2.11',
44 silly addNameRange     '3.6.3-0.2.12',
44 silly addNameRange     '3.6.3-0.2.13',
44 silly addNameRange     '4.0.0',
44 silly addNameRange     '4.0.1',
44 silly addNameRange     '4.1.0',
44 silly addNameRange     '4.1.1',
44 silly addNameRange     '4.1.2',
44 silly addNameRange     '4.1.3-nightly.2014.10.21',
44 silly addNameRange     '4.2.0',
44 silly addNameRange     '4.3.0',
44 silly addNameRange     '5.0.0',
44 silly addNameRange     '4.3.1',
44 silly addNameRange     '5.1.1',
44 silly addNameRange     '5.2.0',
44 silly addNameRange     '5.3.1',
44 silly addNameRange     '5.3.3',
44 silly addNameRange     '5.4.0',
44 silly addNameRange     '5.4.1',
44 silly addNameRange     '6.0.0',
44 silly addNameRange     '6.1.0',
44 silly addNameRange     '6.1.1',
44 silly addNameRange     '6.2.0-nightly.2016.5.11',
44 silly addNameRange     '6.2.0-nightly.2016.5.12',
44 silly addNameRange     '6.2.0-nightly.2016.5.13',
44 silly addNameRange     '6.2.1-nightly.2016.5.20.254844d7',
44 silly addNameRange     '6.2.1-nightly.2016.5.21.254844d7',
44 silly addNameRange     '6.2.1-nightly.2016.5.22.254844d7',
44 silly addNameRange     '6.2.1-nightly.2016.5.23.6e87c71a',
44 silly addNameRange     '6.2.1-nightly.2016.5.24.189f41a4',
44 silly addNameRange     '6.2.0',
44 silly addNameRange     '6.2.1-nightly.2016.5.25.189f41a4',
44 silly addNameRange     '6.2.1-nightly.2016.5.26.189f41a4',
44 silly addNameRange     '6.2.1-nightly.2016.5.27.189f41a4',
44 silly addNameRange     '6.2.1-nightly.2016.5.28.189f41a4',
44 silly addNameRange     '6.2.1-nightly.2016.5.30.189f41a4',
44 silly addNameRange     '6.2.1-nightly.2016.5.31.189f41a4',
44 silly addNameRange     '6.2.1-nightly.2016.6.1.189f41a4',
44 silly addNameRange     '6.2.1-nightly.2016.6.2.189f41a4',
44 silly addNameRange     '6.2.1-nightly.2016.6.3.189f41a4',
44 silly addNameRange     '6.2.1-nightly.2016.6.4.189f41a4',
44 silly addNameRange     '6.2.1-nightly.2016.6.5.189f41a4',
44 silly addNameRange     '6.2.1-nightly.2016.6.6.189f41a4',
44 silly addNameRange     '6.2.1-nightly.2016.6.7.486bdab5',
44 silly addNameRange     '6.2.1-nightly.2016.6.8.486bdab5',
44 silly addNameRange     '6.2.1-dev',
44 silly addNameRange     '6.2.1-nightly.2016.6.10.486bdab5',
44 silly addNameRange     '6.2.1-nightly.2016.6.12.486bdab5',
44 silly addNameRange     '6.2.1-nightly.2016.6.13.486bdab5',
44 silly addNameRange     '6.2.1-nightly.2016.6.14.486bdab5',
44 silly addNameRange     '6.2.1-nightly.2016.6.16.486bdab5',
44 silly addNameRange     '6.2.1-nightly.2016.6.17.486bdab5',
44 silly addNameRange     '6.2.1-nightly.2016.6.18.486bdab5',
44 silly addNameRange     '6.2.1-nightly.2016.6.20.486bdab5',
44 silly addNameRange     '6.2.1-nightly.2016.6.21.486bdab5',
44 silly addNameRange     '6.2.1-nightly.2016.6.22.486bdab5',
44 silly addNameRange     '6.2.1-nightly.2016.6.23.486bdab5',
44 silly addNameRange     '6.2.1-nightly.2016.6.24.486bdab5',
44 silly addNameRange     '6.2.1-nightly.2016.6.26.486bdab5',
44 silly addNameRange     '6.2.1-nightly.2016.6.27.486bdab5',
44 silly addNameRange     '6.2.1-nightly.2016.6.28.486bdab5',
44 silly addNameRange     '6.2.1-nightly.2016.6.29.64e11522',
44 silly addNameRange     '6.2.1-nightly.2016.6.30.64e11522',
44 silly addNameRange     '6.2.1-nightly.2016.7.1.64e11522',
44 silly addNameRange     '6.2.1-nightly.2016.7.2.64e11522',
44 silly addNameRange     '6.2.1-nightly.2016.7.3.64e11522',
44 silly addNameRange     '6.2.1-nightly.2016.7.4.64e11522',
44 silly addNameRange     '6.2.1-nightly.2016.7.5.64e11522',
44 silly addNameRange     '6.2.1-nightly.2016.7.6.64e11522',
44 silly addNameRange     '6.2.1-nightly.2016.7.7.64e11522',
44 silly addNameRange     '6.2.1-nightly.2016.7.8.64e11522',
44 silly addNameRange     '6.2.1-nightly.2016.7.10.64e11522',
44 silly addNameRange     '6.2.1-nightly.2016.7.12.64e11522',
44 silly addNameRange     '6.3.1-nightly.2016.7.14.83f93b96',
44 silly addNameRange     '6.3.1-nightly.2016.7.15.83f93b96',
44 silly addNameRange     '6.3.1-nightly.2016.7.16.83f93b96',
44 silly addNameRange     '6.3.1-nightly.2016.7.17.83f93b96',
44 silly addNameRange     '6.3.1-nightly.2016.7.18.83f93b96',
44 silly addNameRange     '6.3.1-nightly.2016.7.20.83f93b96',
44 silly addNameRange     '6.3.0',
44 silly addNameRange     '6.3.1-nightly.2016.7.23.83f93b96',
44 silly addNameRange     '6.3.1-nightly.2016.7.24.83f93b96',
44 silly addNameRange     '6.3.1-nightly.2016.7.25.83f93b96',
44 silly addNameRange     '6.3.1-nightly.2016.7.26.83f93b96',
44 silly addNameRange     '6.3.1-nightly.2016.7.27.83f93b96',
44 silly addNameRange     '6.3.1-nightly.2016.7.28.83f93b96',
44 silly addNameRange     '6.3.1-nightly.2016.7.29.83f93b96',
44 silly addNameRange     '6.3.1-nightly.2016.8.2.5e6e3bf1',
44 silly addNameRange     '6.3.1-nightly.2016.8.4.5e6e3bf1',
44 silly addNameRange     '6.3.1-nightly.2016.8.5.5e6e3bf1',
44 silly addNameRange     '6.3.1-nightly.2016.8.6.5e6e3bf1',
44 silly addNameRange     '6.3.1-nightly.2016.8.7.5e6e3bf1',
44 silly addNameRange     '6.3.1-nightly.2016.8.8.5e6e3bf1',
44 silly addNameRange     '6.3.1-nightly.2016.8.9.5e6e3bf1',
44 silly addNameRange     '6.4.0-nightly.2016.8.10.258eb28f',
44 silly addNameRange     '6.4.0-nightly.2016.8.11.258eb28f',
44 silly addNameRange     '6.4.0-nightly.2016.8.12.258eb28f',
44 silly addNameRange     '6.4.0-nightly.2016.8.13.258eb28f',
44 silly addNameRange     '6.4.0-nightly.2016.8.15.258eb28f',
44 silly addNameRange     '6.3.1',
44 silly addNameRange     '6.4.0-nightly.2016.8.16.258eb28f',
44 silly addNameRange     '6.4.0-nightly.2016.8.17.258eb28f',
44 silly addNameRange     '6.4.0-nightly.2016.8.18.258eb28f',
44 silly addNameRange     '6.4.0-nightly.2016.8.20.258eb28f',
44 silly addNameRange     '6.4.0-nightly.2016.8.21.258eb28f',
44 silly addNameRange     '6.4.0-nightly.2016.8.22.258eb28f',
44 silly addNameRange     '6.4.0-nightly.2016.8.23.4935f1a5',
44 silly addNameRange     '6.4.0-nightly.2016.8.24.4935f1a5',
44 silly addNameRange     '6.4.0-nightly.2016.8.25.4935f1a5',
44 silly addNameRange     '6.4.0-nightly.2016.8.26.4935f1a5',
44 silly addNameRange     '6.4.0-nightly.2016.8.27.4935f1a5',
44 silly addNameRange     '6.4.0-nightly.2016.8.28.4935f1a5',
44 silly addNameRange     '6.4.0-nightly.2016.8.29.4935f1a5',
44 silly addNameRange     '6.4.0-nightly.2016.8.30.4935f1a5',
44 silly addNameRange     '6.4.0-nightly.2016.8.31.4935f1a5',
44 silly addNameRange     '6.4.0-nightly.2016.9.1.4935f1a5',
44 silly addNameRange     '6.4.0-nightly.2016.9.2.4935f1a5',
44 silly addNameRange     '6.4.0-nightly.2016.9.3.ddd828f4',
44 silly addNameRange     '6.4.0-nightly.2016.9.4.ddd828f4',
44 silly addNameRange     '6.4.0-nightly.2016.9.5.ddd828f4',
44 silly addNameRange     '6.4.0-nightly.2016.9.7.ddd828f4',
44 silly addNameRange     '6.4.0-nightly.2016.9.10.ddd828f4',
44 silly addNameRange     '6.4.0-nightly.2016.9.11.ddd828f4',
44 silly addNameRange     '6.4.0-nightly.2016.9.12.ddd828f4',
44 silly addNameRange     '6.4.0-nightly.2016.9.13.ddd828f4',
44 silly addNameRange     '6.4.0-nightly.2016.9.14.ddd828f4',
44 silly addNameRange     '6.4.0-nightly.2016.9.15.ddd828f4',
44 silly addNameRange     '6.4.0-nightly.2016.9.16.ddd828f4',
44 silly addNameRange     '6.4.0-nightly.2016.9.17.ddd828f4',
44 silly addNameRange     '6.4.0-nightly.2016.9.18.ddd828f4',
44 silly addNameRange     '6.4.0-nightly.2016.9.19.ddd828f4',
44 silly addNameRange     '6.4.0-nightly.2016.9.20.ddd828f4',
44 silly addNameRange     '6.4.0-nightly.2016.9.21.ddd828f4',
44 silly addNameRange     '6.4.0-nightly.2016.9.22.ddd828f4',
44 silly addNameRange     '6.4.0-nightly.2016.9.23.ddd828f4',
44 silly addNameRange     '6.4.0-nightly.2016.9.24.ddd828f4',
44 silly addNameRange     '6.4.0-nightly.2016.9.25.ddd828f4',
44 silly addNameRange     '6.4.0-nightly.2016.9.26.ddd828f4',
44 silly addNameRange     '6.4.0-nightly.2016.9.27.ddd828f4',
44 silly addNameRange     '6.4.0-nightly.2016.9.28.ddd828f4',
44 silly addNameRange     '6.4.0-nightly.2016.10.7.4759c467',
44 silly addNameRange     '6.4.0-nightly.2016.10.8.4759c467',
44 silly addNameRange     '6.4.0-nightly.2016.10.9.4759c467',
44 silly addNameRange     '6.4.0-nightly.2016.10.10.4759c467',
44 silly addNameRange     '6.4.0-nightly.2016.10.11.4759c467',
44 silly addNameRange     '6.4.0-nightly.2016.10.12.4759c467',
44 silly addNameRange     '6.4.0-nightly.2016.10.13.4759c467',
44 silly addNameRange     '6.4.0-nightly.2016.10.14.9c306a44',
44 silly addNameRange     '6.4.0-nightly.2016.10.15.576c8426',
44 silly addNameRange     '6.4.0-nightly.2016.10.16.576c8426',
44 silly addNameRange     '6.4.0-nightly.2016.10.17.576c8426',
44 silly addNameRange     '6.4.0-nightly.2016.10.18.576c8426',
44 silly addNameRange     '6.4.0-nightly.2016.10.19.576c8426',
44 silly addNameRange     '6.4.0-nightly.2016.10.21.576c8426',
44 silly addNameRange     '6.4.0-nightly.2016.10.22.576c8426',
44 silly addNameRange     '6.4.1-nightly.2016.10.25.c5977c97',
44 silly addNameRange     '6.4.1-nightly.2016.10.26.c5977c97',
44 silly addNameRange     '6.4.0',
44 silly addNameRange     '6.4.1-nightly.2016.10.27.c5977c97',
44 silly addNameRange     '6.4.1-nightly.2016.11.1.c5977c97',
44 silly addNameRange     '6.4.1-nightly.2016.11.2.0dad8c6d',
44 silly addNameRange     '6.4.1-nightly.2016.11.3.0dad8c6d',
44 silly addNameRange     '6.4.1-nightly.2016.11.4.0dad8c6d',
44 silly addNameRange     '6.4.1-nightly.2016.11.5.0dad8c6d',
44 silly addNameRange     '6.4.1-nightly.2016.11.6.0dad8c6d',
44 silly addNameRange     '6.4.1-nightly.2016.11.7.0dad8c6d',
44 silly addNameRange     '6.4.1-nightly.2016.11.8.0dad8c6d',
44 silly addNameRange     '6.4.1-nightly.2016.11.9.0dad8c6d',
44 silly addNameRange     '6.4.1-nightly.2016.11.10.0dad8c6d',
44 silly addNameRange     '6.4.1-nightly.2016.11.11.0dad8c6d',
44 silly addNameRange     '6.4.1-nightly.2016.11.12.0dad8c6d',
44 silly addNameRange     '6.4.1-nightly.2016.11.15.0dad8c6d',
44 silly addNameRange     '6.4.1-nightly.2016.11.16.0dad8c6d',
44 silly addNameRange     '6.4.1-nightly.2016.11.17.0dad8c6d',
44 silly addNameRange     '6.4.1-nightly.2016.11.18.0dad8c6d',
44 silly addNameRange     '6.4.1-nightly.2016.11.19.0dad8c6d',
44 silly addNameRange     '6.4.1-nightly.2016.11.20.0dad8c6d',
44 silly addNameRange     '6.4.1-nightly.2016.11.21.0dad8c6d',
44 silly addNameRange     '6.4.1-nightly.2016.11.22.0dad8c6d',
44 silly addNameRange     '6.4.1-nightly.2016.11.23.0dad8c6d',
44 silly addNameRange     '6.4.1-nightly.2016.11.24.0dad8c6d',
44 silly addNameRange     '6.4.1-nightly.2016.11.25.0dad8c6d',
44 silly addNameRange     '6.4.1-nightly.2016.11.26.0dad8c6d',
44 silly addNameRange     '6.4.1-nightly.2016.11.27.0dad8c6d',
44 silly addNameRange     '6.4.1-nightly.2016.11.28.0dad8c6d',
44 silly addNameRange     '6.4.1-nightly.2016.11.29.0dad8c6d',
44 silly addNameRange     '6.4.1-nightly.2016.11.30.0dad8c6d',
44 silly addNameRange     '6.4.1-nightly.2016.12.1.0dad8c6d',
44 silly addNameRange     '6.4.1-nightly.2016.12.2.0dad8c6d',
44 silly addNameRange     '6.4.1-nightly.2016.12.3.0dad8c6d',
44 silly addNameRange     '6.4.1-nightly.2016.12.4.0dad8c6d',
44 silly addNameRange     '6.4.1-nightly.2016.12.5.0dad8c6d',
44 silly addNameRange     '6.4.1-nightly.2016.12.6.0dad8c6d',
44 silly addNameRange     '6.4.1-nightly.2016.12.7.0dad8c6d',
44 silly addNameRange     '6.4.1-nightly.2016.12.8.0dad8c6d',
44 silly addNameRange     '6.4.1-nightly.2016.12.9.0dad8c6d',
44 silly addNameRange     '6.5.0',
44 silly addNameRange     '6.5.1-nightly.2017.2.15.abe6b8f1',
44 silly addNameRange     '6.5.1-nightly.2017.2.16.abe6b8f1',
44 silly addNameRange     '6.5.1-nightly.2017.2.17.abe6b8f1',
44 silly addNameRange     '6.5.1-nightly.2017.2.18.abe6b8f1',
44 silly addNameRange     '6.5.1-nightly.2017.2.19.abe6b8f1',
44 silly addNameRange     '6.5.1-nightly.2017.2.21.abe6b8f1',
44 silly addNameRange     '6.5.1-nightly.2017.2.22.abe6b8f1',
44 silly addNameRange     '6.5.1-nightly.2017.2.23.abe6b8f1',
44 silly addNameRange     '6.5.1-nightly.2017.2.24.abe6b8f1',
44 silly addNameRange     '6.5.1-nightly.2017.2.25.abe6b8f1',
44 silly addNameRange     '6.5.1-nightly.2017.2.27.abe6b8f1',
44 silly addNameRange     '6.5.1-nightly.2017.2.28.abe6b8f1',
44 silly addNameRange     '6.5.1-nightly.2017.3.1.abe6b8f1',
44 silly addNameRange     '6.5.1-nightly.2017.3.2.abe6b8f1',
44 silly addNameRange     '6.5.1-nightly.2017.3.4.abe6b8f1',
44 silly addNameRange     '6.5.1-nightly.2017.3.5.abe6b8f1',
44 silly addNameRange     '6.5.1-nightly.2017.3.6.abe6b8f1',
44 silly addNameRange     '6.5.1-nightly.2017.3.8.abe6b8f1',
44 silly addNameRange     '6.5.1-nightly.2017.3.10.f1e9e049',
44 silly addNameRange     '6.5.1-nightly.2017.3.12.f1e9e049',
44 silly addNameRange     '6.5.1-nightly.2017.3.13.f1e9e049',
44 silly addNameRange     '6.5.1-nightly.2017.3.14.f1e9e049',
44 silly addNameRange     '6.5.1-nightly.2017.3.15.f1e9e049',
44 silly addNameRange     '6.5.1-nightly.2017.3.16.f1e9e049',
44 silly addNameRange     '6.5.1-nightly.2017.3.17.92eb5858',
44 silly addNameRange     '6.5.1-nightly.2017.3.18.92eb5858',
44 silly addNameRange     '6.5.1-nightly.2017.3.19.92eb5858',
44 silly addNameRange     '6.5.1-nightly.2017.3.20.92eb5858',
44 silly addNameRange     '6.5.1-nightly.2017.3.21.035d86c6',
44 silly addNameRange     '6.5.1-nightly.2017.3.22.035d86c6',
44 silly addNameRange     '6.5.1-nightly.2017.3.23.035d86c6',
44 silly addNameRange     '6.5.1-nightly.2017.3.24.035d86c6',
44 silly addNameRange     '6.5.1-nightly.2017.3.25.035d86c6',
44 silly addNameRange     '6.5.1-nightly.2017.3.26.035d86c6',
44 silly addNameRange     '6.5.1-nightly.2017.3.27.035d86c6',
44 silly addNameRange     '6.5.1-nightly.2017.3.28.035d86c6',
44 silly addNameRange     '6.5.1-nightly.2017.3.29.035d86c6',
44 silly addNameRange     '6.5.1-nightly.2017.3.30.035d86c6',
44 silly addNameRange     '6.5.1-nightly.2017.3.31.035d86c6',
44 silly addNameRange     '6.5.1-nightly.2017.4.1.035d86c6',
44 silly addNameRange     '6.5.1-nightly.2017.4.2.035d86c6',
44 silly addNameRange     '6.5.1-nightly.2017.4.4.035d86c6',
44 silly addNameRange     '6.5.1-nightly.2017.4.5.035d86c6',
44 silly addNameRange     '6.5.1-nightly.2017.4.6.035d86c6',
44 silly addNameRange     '6.5.1-nightly.2017.4.8.035d86c6',
44 silly addNameRange     '6.5.1-nightly.2017.4.9.035d86c6',
44 silly addNameRange     '6.5.1-nightly.2017.4.10.035d86c6',
44 silly addNameRange     '6.5.1-nightly.2017.4.11.035d86c6',
44 silly addNameRange     '6.5.1-nightly.2017.4.12.035d86c6',
44 silly addNameRange     '6.5.1-nightly.2017.4.13.035d86c6',
44 silly addNameRange     '6.5.1-nightly.2017.4.14.035d86c6',
44 silly addNameRange     '6.5.1-nightly.2017.4.15.035d86c6',
44 silly addNameRange     '6.5.1-nightly.2017.4.16.035d86c6',
44 silly addNameRange     '6.5.1-nightly.2017.4.17.035d86c6',
44 silly addNameRange     '6.5.1-nightly.2017.4.18.72440d14',
44 silly addNameRange     '6.5.1-nightly.2017.4.19.72440d14',
44 silly addNameRange     '6.5.1-nightly.2017.4.20.72008357',
44 silly addNameRange     '6.5.1-nightly.2017.4.21.72008357',
44 silly addNameRange     '6.5.1-nightly.2017.4.23.6f7d314c',
44 silly addNameRange     '6.5.1-nightly.2017.4.28.6f7d314c',
44 silly addNameRange     '6.5.1-nightly.2017.4.30.6f7d314c',
44 silly addNameRange     '6.5.1-nightly.2017.5.1.6f7d314c',
44 silly addNameRange     '7.0.1-nightly.2017.5.2.a9113bc8',
44 silly addNameRange     '7.0.1-nightly.2017.5.3.a9113bc8',
44 silly addNameRange     '7.0.0',
44 silly addNameRange     '7.0.1-nightly.2017.5.5.6985d927',
44 silly addNameRange     '7.0.1-nightly.2017.5.6.6985d927',
44 silly addNameRange     '7.0.1-nightly.2017.5.7.6985d927',
44 silly addNameRange     '7.0.1-nightly.2017.5.8.6985d927',
44 silly addNameRange     '7.0.2-nightly.2017.5.9.a3d0db1f',
44 silly addNameRange     '7.0.2-nightly.2017.5.10.a3d0db1f',
44 silly addNameRange     '7.0.2-nightly.2017.5.11.a3d0db1f',
44 silly addNameRange     '7.0.1',
44 silly addNameRange     '7.0.2-nightly.2017.5.13.30456143',
44 silly addNameRange     '7.0.2-nightly.2017.5.14.30456143',
44 silly addNameRange     '7.0.2-nightly.2017.5.15.30456143',
44 silly addNameRange     '7.0.2-nightly.2017.5.16.30456143',
44 silly addNameRange     '7.0.2-nightly.2017.5.17.30456143',
44 silly addNameRange     '7.0.2-nightly.2017.5.18.30456143',
44 silly addNameRange     '7.0.2-nightly.2017.5.19.30456143',
44 silly addNameRange     '7.0.2-nightly.2017.5.20.30456143',
44 silly addNameRange     '7.0.2-nightly.2017.5.21.30456143',
44 silly addNameRange     '7.0.2-nightly.2017.5.22.30456143',
44 silly addNameRange     '7.0.2-nightly.2017.5.23.30456143',
44 silly addNameRange     '7.0.2-nightly.2017.5.24.30456143',
44 silly addNameRange     '7.0.2-nightly.2017.5.25.30456143',
44 silly addNameRange     '7.0.2-nightly.2017.5.26.30456143',
44 silly addNameRange     '7.0.2-dev',
44 silly addNameRange     '7.0.2-nightly.2017.5.27.3962053f',
44 silly addNameRange     '7.0.2-nightly.2017.5.30.30456143',
44 silly addNameRange     '7.0.2-nightly.2017.6.1.30456143',
44 silly addNameRange     '7.0.2-nightly.2017.6.2.30456143',
44 silly addNameRange     '7.0.2-nightly.2017.6.3.30456143',
44 silly addNameRange     '7.0.2-nightly.2017.6.4.30456143',
44 silly addNameRange     '7.0.2-nightly.2017.6.5.30456143',
44 silly addNameRange     '7.0.2-nightly.2017.6.6.30456143',
44 silly addNameRange     '7.0.2-nightly.2017.6.7.30456143',
44 silly addNameRange     '7.0.2-nightly.2017.6.10.30456143',
44 silly addNameRange     '7.0.2-nightly.2017.6.23.dce12f9b',
44 silly addNameRange     '7.0.2-nightly.2017.6.24.dce12f9b',
44 silly addNameRange     '7.0.2-nightly.2017.6.25.dce12f9b',
44 silly addNameRange     '7.0.2-nightly.2017.6.26.dce12f9b',
44 silly addNameRange     '7.0.2-nightly.2017.6.27.596da5df',
44 silly addNameRange     '7.0.2-nightly.2017.6.28.596da5df',
44 silly addNameRange     '7.0.2-nightly.2017.6.29.596da5df',
44 silly addNameRange     '7.0.2-nightly.2017.7.1.596da5df',
44 silly addNameRange     '7.0.2-nightly.2017.7.4.596da5df',
44 silly addNameRange     '7.0.2-nightly.2017.7.7.596da5df',
44 silly addNameRange     '7.0.2-nightly.2017.7.8.596da5df',
44 silly addNameRange     '7.0.2-nightly.2017.7.9.596da5df',
44 silly addNameRange     '7.0.2-nightly.2017.7.10.596da5df',
44 silly addNameRange     '7.0.2-nightly.2017.7.11.596da5df',
44 silly addNameRange     '7.0.2-nightly.2017.7.13.596da5df',
44 silly addNameRange     '7.0.2-nightly.2017.7.14.596da5df',
44 silly addNameRange     '7.0.2-nightly.2017.7.15.596da5df',
44 silly addNameRange     '7.0.2-nightly.2017.7.18.596da5df',
44 silly addNameRange     '7.0.2-nightly.2017.7.22.596da5df',
44 silly addNameRange     '7.0.2-nightly.2017.7.24.596da5df',
44 silly addNameRange     '7.0.2-nightly.2017.7.26.596da5df',
44 silly addNameRange     '7.0.2-nightly.2017.7.27.596da5df',
44 silly addNameRange     '7.0.2-nightly.2017.7.28.596da5df',
44 silly addNameRange     '7.0.2-nightly.2017.7.29.596da5df',
44 silly addNameRange     '7.0.2-nightly.2017.7.31.596da5df',
44 silly addNameRange     '7.0.2-nightly.2017.8.1.596da5df',
44 silly addNameRange     '7.0.2-nightly.2017.8.8.596da5df',
44 silly addNameRange     '7.0.2-nightly.2017.8.9.596da5df',
44 silly addNameRange     '7.0.2-nightly.2017.8.10.596da5df',
44 silly addNameRange     '7.0.2-nightly.2017.8.11.596da5df',
44 silly addNameRange     '7.0.2-nightly.2017.8.13.596da5df',
44 silly addNameRange     '7.0.2-nightly.2017.8.14.596da5df',
44 silly addNameRange     '7.0.2-nightly.2017.8.15.596da5df',
44 silly addNameRange     '7.0.2-nightly.2017.8.16.596da5df',
44 silly addNameRange     '7.0.2-nightly.2017.8.18.596da5df',
44 silly addNameRange     '7.0.2-nightly.2017.8.19.596da5df',
44 silly addNameRange     '7.0.2-nightly.2017.8.21.596da5df',
44 silly addNameRange     '7.0.2-nightly.2017.8.22.596da5df',
44 silly addNameRange     '7.0.2-nightly.2017.9.3.596da5df',
44 silly addNameRange     '7.0.2-nightly.2017.9.4.596da5df',
44 silly addNameRange     '7.0.2-nightly.2017.9.5.596da5df',
44 silly addNameRange     '7.0.2-nightly.2017.9.7.596da5df',
44 silly addNameRange     '7.0.2-nightly.2017.9.9.596da5df',
44 silly addNameRange     '7.0.2-nightly.2017.9.12.596da5df',
44 silly addNameRange     '7.0.2-nightly.2017.9.13.596da5df',
44 silly addNameRange     '7.0.2-nightly.2017.9.14.596da5df',
44 silly addNameRange     '7.0.2-nightly.2017.9.15.596da5df',
44 silly addNameRange     '7.0.2-nightly.2017.9.16.596da5df',
44 silly addNameRange     '7.0.2-nightly.2017.9.17.596da5df',
44 silly addNameRange     '7.0.2-nightly.2017.9.20.596da5df',
44 silly addNameRange     '7.0.2-nightly.2017.9.21.596da5df',
44 silly addNameRange     '7.0.2-nightly.2017.9.22.596da5df',
44 silly addNameRange     '7.0.2-nightly.2017.9.23.596da5df',
44 silly addNameRange     '7.0.2-nightly.2017.9.24.596da5df',
44 silly addNameRange     '7.0.2-nightly.2017.9.25.596da5df',
44 silly addNameRange     '7.0.2-nightly.2017.9.29.92cce973',
44 silly addNameRange     '7.0.2-nightly.2017.9.30.92cce973',
44 silly addNameRange     '7.0.2-nightly.2017.10.2.92cce973',
44 silly addNameRange     '7.0.2-nightly.2017.10.3.92cce973',
44 silly addNameRange     '7.0.2-nightly.2017.10.4.b876e6b2',
44 silly addNameRange     '7.0.2-nightly.2017.10.5.b876e6b2',
44 silly addNameRange     '7.1.1-dev',
44 silly addNameRange     '7.1.1-nightly.2017.10.9.f96e0adf',
44 silly addNameRange     '7.1.0',
44 silly addNameRange     '7.1.1-nightly.2017.10.10.fc692355',
44 silly addNameRange     '7.1.1-nightly.2017.10.14.fc692355',
44 silly addNameRange     '7.1.1-nightly.2017.10.15.fc692355',
44 silly addNameRange     '7.1.1-nightly.2017.10.18.fc692355',
44 silly addNameRange     '7.1.1-nightly.2017.10.19.fc692355',
44 silly addNameRange     '7.1.1-nightly.2017.10.21.fc692355',
44 silly addNameRange     '7.1.1-nightly.2017.10.24.fc692355',
44 silly addNameRange     '7.1.1-nightly.2017.10.27.fc692355',
44 silly addNameRange     '7.1.1-nightly.2017.10.28.fc692355',
44 silly addNameRange     '7.1.1-nightly.2017.10.29.fc692355',
44 silly addNameRange     '7.1.1-nightly.2017.11.4.e2e42fd1',
44 silly addNameRange     '7.1.1-nightly.2017.11.5.e2e42fd1',
44 silly addNameRange     '7.1.1-nightly.2017.11.6.e2e42fd1',
44 silly addNameRange     '7.1.1-nightly.2017.11.7.e2e42fd1',
44 silly addNameRange     '7.1.1-nightly.2017.11.8.e2e42fd1',
44 silly addNameRange     '7.1.1-nightly.2017.11.9.e2e42fd1',
44 silly addNameRange     '7.1.1-nightly.2017.11.10.e2e42fd1',
44 silly addNameRange     '7.1.1-nightly.2017.11.11.e2e42fd1',
44 silly addNameRange     '7.1.1-nightly.2017.11.12.e2e42fd1',
44 silly addNameRange     '7.1.1-nightly.2017.11.14.e2e42fd1',
44 silly addNameRange     '7.1.1-nightly.2017.11.15.e2e42fd1',
44 silly addNameRange     '7.1.1-nightly.2017.11.16.e2e42fd1',
44 silly addNameRange     '7.1.1-nightly.2017.11.18.e2e42fd1',
44 silly addNameRange     '7.1.1-nightly.2017.11.20.e2e42fd1',
44 silly addNameRange     '7.1.1-nightly.2017.11.22.e2e42fd1',
44 silly addNameRange     '7.1.1-nightly.2017.11.25.e2e42fd1',
44 silly addNameRange     '7.1.1-nightly.2017.11.26.e2e42fd1',
44 silly addNameRange     '7.1.1-nightly.2017.11.29.e2e42fd1',
44 silly addNameRange     '7.1.1-nightly.2017.11.30.e2e42fd1',
44 silly addNameRange     '7.1.1-nightly.2017.12.2.e2e42fd1',
44 silly addNameRange     '7.1.1-nightly.2017.12.4.e2e42fd1',
44 silly addNameRange     '7.1.1-nightly.2017.12.7.e2e42fd1',
44 silly addNameRange     '7.1.1-nightly.2017.12.8.e2e42fd1',
44 silly addNameRange     '7.1.1-nightly.2017.12.9.8262ae29',
44 silly addNameRange     '7.1.1-nightly.2017.12.11.8262ae29',
44 silly addNameRange     '7.1.1-nightly.2017.12.12.8262ae29',
44 silly addNameRange     '7.1.1-nightly.2017.12.14.ffa51bc1',
44 silly addNameRange     '8.0.1-dev',
44 silly addNameRange     '8.0.1-nightly.2017.12.15.33ef33af',
44 silly addNameRange     '8.0.1-nightly.2017.12.17.6508d45f',
44 silly addNameRange     '8.0.1-nightly.2017.12.18.6508d45f',
44 silly addNameRange     '8.0.1-nightly.2017.12.19.6508d45f',
44 silly addNameRange     '8.0.0',
44 silly addNameRange     '8.0.1-nightly.2017.12.20.6508d45f' ] ]
45 silly addNamed cordova@8.0.0
46 verbose addNamed "8.0.0" is a plain semver version for cordova
47 silly mapToRegistry name cordova
48 silly mapToRegistry using default registry
49 silly mapToRegistry registry https://registry.npmjs.org/
50 silly mapToRegistry uri https://registry.npmjs.org/cordova
51 verbose addRemoteTarball https://registry.npmjs.org/cordova/-/cordova-8.0.0.tgz not in flight; adding
52 verbose addRemoteTarball [ 'https://registry.npmjs.org/cordova/-/cordova-8.0.0.tgz',
52 verbose addRemoteTarball   '2e8446d9493caafd870b1090785e7f03e2ae6a43' ]
53 info retry fetch attempt 1 at 4:28:10 PM
54 info attempt registry request try #1 at 4:28:10 PM
55 http fetch GET https://registry.npmjs.org/cordova/-/cordova-8.0.0.tgz
56 http 200 https://registry.npmjs.org/ionic
57 verbose headers { 'content-type': 'application/json; charset=UTF-8',
57 verbose headers   server: 'UploadServer',
57 verbose headers   'cache-control': 'max-age=300',
57 verbose headers   'last-modified': 'Mon, 4 Dec 2017 19:31:01 GMT',
57 verbose headers   etag: '"5a25a275-1e3be2"',
57 verbose headers   'content-encoding': 'gzip',
57 verbose headers   'content-length': '97464',
57 verbose headers   'accept-ranges': 'bytes',
57 verbose headers   date: 'Tue, 26 Dec 2017 22:28:10 GMT',
57 verbose headers   via: '1.1 varnish',
57 verbose headers   age: '3252',
57 verbose headers   connection: 'keep-alive',
57 verbose headers   'x-served-by': 'cache-ord1728-ORD',
57 verbose headers   'x-cache': 'HIT',
57 verbose headers   'x-cache-hits': '16',
57 verbose headers   'x-timer': 'S1514327290.034060,VS0,VE0',
57 verbose headers   vary: 'Accept-Encoding, Accept' }
58 silly get cb [ 200,
58 silly get   { 'content-type': 'application/json; charset=UTF-8',
58 silly get     server: 'UploadServer',
58 silly get     'cache-control': 'max-age=300',
58 silly get     'last-modified': 'Mon, 4 Dec 2017 19:31:01 GMT',
58 silly get     etag: '"5a25a275-1e3be2"',
58 silly get     'content-encoding': 'gzip',
58 silly get     'content-length': '97464',
58 silly get     'accept-ranges': 'bytes',
58 silly get     date: 'Tue, 26 Dec 2017 22:28:10 GMT',
58 silly get     via: '1.1 varnish',
58 silly get     age: '3252',
58 silly get     connection: 'keep-alive',
58 silly get     'x-served-by': 'cache-ord1728-ORD',
58 silly get     'x-cache': 'HIT',
58 silly get     'x-cache-hits': '16',
58 silly get     'x-timer': 'S1514327290.034060,VS0,VE0',
58 silly get     vary: 'Accept-Encoding, Accept' } ]
59 verbose get saving ionic to /Users/Alverino/.npm/registry.npmjs.org/ionic/.cache.json
60 silly addNameRange number 2 { name: 'ionic', range: '*', hasData: true }
61 silly addNameRange versions [ 'ionic',
61 silly addNameRange   [ '0.9.6',
61 silly addNameRange     '0.9.8',
61 silly addNameRange     '0.9.9',
61 silly addNameRange     '0.9.10',
61 silly addNameRange     '0.9.11',
61 silly addNameRange     '0.9.12',
61 silly addNameRange     '0.9.13',
61 silly addNameRange     '0.9.14',
61 silly addNameRange     '0.9.15',
61 silly addNameRange     '0.9.16',
61 silly addNameRange     '1.0.0-beta.1',
61 silly addNameRange     '1.0.0-beta',
61 silly addNameRange     '1.0.1-beta',
61 silly addNameRange     '1.0.3-beta',
61 silly addNameRange     '1.0.4',
61 silly addNameRange     '1.0.5',
61 silly addNameRange     '1.0.6',
61 silly addNameRange     '1.0.7',
61 silly addNameRange     '1.0.8',
61 silly addNameRange     '1.0.9',
61 silly addNameRange     '1.0.10',
61 silly addNameRange     '1.0.11',
61 silly addNameRange     '1.0.12',
61 silly addNameRange     '1.0.13',
61 silly addNameRange     '1.0.14',
61 silly addNameRange     '1.0.15',
61 silly addNameRange     '1.0.16',
61 silly addNameRange     '1.0.17',
61 silly addNameRange     '1.1.0-beta1',
61 silly addNameRange     '1.1.0-beta2',
61 silly addNameRange     '1.1.0-beta3',
61 silly addNameRange     '1.1.0-beta4',
61 silly addNameRange     '1.1.0-beta5',
61 silly addNameRange     '1.1.0-beta6',
61 silly addNameRange     '1.1.0',
61 silly addNameRange     '1.1.1-beta1',
61 silly addNameRange     '1.1.1-beta2',
61 silly addNameRange     '1.1.1-beta3',
61 silly addNameRange     '1.1.1',
61 silly addNameRange     '1.1.3',
61 silly addNameRange     '1.1.4',
61 silly addNameRange     '1.1.5-beta1',
61 silly addNameRange     '1.1.5-beta2',
61 silly addNameRange     '1.1.5-beta3',
61 silly addNameRange     '1.1.5-beta4',
61 silly addNameRange     '1.1.5-beta5',
61 silly addNameRange     '1.1.5',
61 silly addNameRange     '1.1.6',
61 silly addNameRange     '1.1.7-beta1',
61 silly addNameRange     '1.1.7',
61 silly addNameRange     '1.1.8-beta1',
61 silly addNameRange     '1.1.8-beta2',
61 silly addNameRange     '1.1.8-beta3',
61 silly addNameRange     '1.1.8-beta4',
61 silly addNameRange     '1.1.8-beta5',
61 silly addNameRange     '1.1.8',
61 silly addNameRange     '1.1.9-beta1',
61 silly addNameRange     '1.1.9',
61 silly addNameRange     '1.1.10',
61 silly addNameRange     '1.1.11-beta1',
61 silly addNameRange     '1.1.11-beta2',
61 silly addNameRange     '1.1.11',
61 silly addNameRange     '1.1.12-beta1',
61 silly addNameRange     '1.1.12-beta2',
61 silly addNameRange     '1.1.12-beta3',
61 silly addNameRange     '1.1.12',
61 silly addNameRange     '1.1.13',
61 silly addNameRange     '1.1.14-beta1',
61 silly addNameRange     '1.1.14-beta2',
61 silly addNameRange     '1.1.14-beta3',
61 silly addNameRange     '1.2.0-beta1',
61 silly addNameRange     '1.2.0',
61 silly addNameRange     '1.2.1-beta1',
61 silly addNameRange     '1.2.1-beta2',
61 silly addNameRange     '1.2.1-beta3',
61 silly addNameRange     '1.2.1-beta4',
61 silly addNameRange     '1.2.1',
61 silly addNameRange     '1.2.2',
61 silly addNameRange     '1.2.3-beta1',
61 silly addNameRange     '1.2.3-beta2',
61 silly addNameRange     '1.2.3-beta3',
61 silly addNameRange     '1.2.3',
61 silly addNameRange     '1.2.4-beta1',
61 silly addNameRange     '1.2.4-beta2',
61 silly addNameRange     '1.2.4-beta3',
61 silly addNameRange     '1.2.4',
61 silly addNameRange     '1.2.5-beta1',
61 silly addNameRange     '1.2.5-beta2',
61 silly addNameRange     '1.2.5-beta3',
61 silly addNameRange     '1.2.5',
61 silly addNameRange     '1.2.6-beta1',
61 silly addNameRange     '1.2.6-beta2',
61 silly addNameRange     '1.2.6-beta3',
61 silly addNameRange     '1.2.6',
61 silly addNameRange     '1.2.7',
61 silly addNameRange     '1.2.8-beta1',
61 silly addNameRange     '1.2.8-beta2',
61 silly addNameRange     '1.2.8',
61 silly addNameRange     '1.2.9',
61 silly addNameRange     '1.2.10',
61 silly addNameRange     '1.2.11',
61 silly addNameRange     '1.2.12',
61 silly addNameRange     '1.2.13',
61 silly addNameRange     '1.2.14-beta1',
61 silly addNameRange     '1.2.14-beta2',
61 silly addNameRange     '1.2.14-beta3',
61 silly addNameRange     '1.2.14-beta4',
61 silly addNameRange     '1.2.14-beta5',
61 silly addNameRange     '1.2.14-beta6',
61 silly addNameRange     '1.2.14',
61 silly addNameRange     '1.3.0-beta1',
61 silly addNameRange     '1.3.0',
61 silly addNameRange     '1.3.1',
61 silly addNameRange     '1.3.2',
61 silly addNameRange     '1.3.3',
61 silly addNameRange     '1.3.4',
61 silly addNameRange     '1.3.5',
61 silly addNameRange     '1.3.6',
61 silly addNameRange     '1.3.7',
61 silly addNameRange     '1.3.8',
61 silly addNameRange     '1.3.9',
61 silly addNameRange     '1.3.10',
61 silly addNameRange     '1.4.0-alpha.1',
61 silly addNameRange     '1.3.11',
61 silly addNameRange     '1.3.1-1.alpha.0',
61 silly addNameRange     '1.4.0-alpha.2',
61 silly addNameRange     '1.3.12',
61 silly addNameRange     '1.3.12-beta.1',
61 silly addNameRange     '1.3.12-beta.2',
61 silly addNameRange     '1.3.13-beta.0',
61 silly addNameRange     '1.3.1-3.beta.1',
61 silly addNameRange     '1.3.1-3.beta.2',
61 silly addNameRange     '1.3.13',
61 silly addNameRange     '1.3.1-3.beta.4',
61 silly addNameRange     '1.3.14-beta',
61 silly addNameRange     '1.3.14-beta.1',
61 silly addNameRange     '1.4.0-alpha.3',
61 silly addNameRange     '1.3.14',
61 silly addNameRange     '1.4.0-alpha.4',
61 silly addNameRange     '1.4.0-alpha.5',
61 silly addNameRange     '1.3.15-beta.0',
61 silly addNameRange     '1.3.15-beta.1',
61 silly addNameRange     '1.3.15-beta.2',
61 silly addNameRange     '1.3.15-beta.3',
61 silly addNameRange     '1.3.15-beta.4',
61 silly addNameRange     '1.3.15',
61 silly addNameRange     '1.3.16',
61 silly addNameRange     '1.4.0-alpha.6',
61 silly addNameRange     '1.3.17-beta.0',
61 silly addNameRange     '1.3.17-beta.1',
61 silly addNameRange     '1.3.17-beta.2',
61 silly addNameRange     '1.3.17-beta.3',
61 silly addNameRange     '1.3.1-7.beta.4',
61 silly addNameRange     '1.3.17',
61 silly addNameRange     '1.3.18-beta.0',
61 silly addNameRange     '1.3.18-beta.1',
61 silly addNameRange     '1.3.18-beta.2',
61 silly addNameRange     '1.3.18-beta.3',
61 silly addNameRange     '1.3.18',
61 silly addNameRange     '1.3.19-beta.0',
61 silly addNameRange     '1.3.19-beta.1',
61 silly addNameRange     '1.3.19-beta.2',
61 silly addNameRange     '1.3.19-beta.3',
61 silly addNameRange     '1.3.19-beta.4',
61 silly addNameRange     '1.3.19',
61 silly addNameRange     '1.3.20',
61 silly addNameRange     '1.4.1-beta.0',
61 silly addNameRange     '1.4.0-beta.1',
61 silly addNameRange     '1.4.0-beta.2',
61 silly addNameRange     '1.4.0-beta.3',
61 silly addNameRange     '1.4.0-beta.5',
61 silly addNameRange     '1.4.0-beta.6',
61 silly addNameRange     '1.4.0-beta.7',
61 silly addNameRange     '1.3.21-beta.0',
61 silly addNameRange     '1.3.21-beta.1',
61 silly addNameRange     '1.3.21',
61 silly addNameRange     '1.3.22',
61 silly addNameRange     '1.4.0-beta.8',
61 silly addNameRange     '1.4.0-beta.9',
61 silly addNameRange     '1.4.0-beta.10',
61 silly addNameRange     '1.4.0-beta.11',
61 silly addNameRange     '1.4.0-beta.12',
61 silly addNameRange     '1.4.0-beta.13',
61 silly addNameRange     '1.4.0-beta.14',
61 silly addNameRange     '1.4.0-beta.15',
61 silly addNameRange     '1.4.0-beta.16',
61 silly addNameRange     '1.4.0-beta.17',
61 silly addNameRange     '1.4.0-beta.18',
61 silly addNameRange     '1.4.0',
61 silly addNameRange     '1.4.1',
61 silly addNameRange     '1.4.2',
61 silly addNameRange     '1.4.3',
61 silly addNameRange     '1.4.4-beta.0',
61 silly addNameRange     '1.4.4-beta.2',
61 silly addNameRange     '1.4.4',
61 silly addNameRange     '1.4.5-beta.0',
61 silly addNameRange     '1.4.5-beta.1',
61 silly addNameRange     '1.4.5-beta.2',
61 silly addNameRange     '1.4.5-beta.3',
61 silly addNameRange     '1.4.5',
61 silly addNameRange     '1.4.6-beta.0',
61 silly addNameRange     '1.4.6',
61 silly addNameRange     '1.4.7',
61 silly addNameRange     '1.4.8',
61 silly addNameRange     '1.5.0-beta.0',
61 silly addNameRange     '1.5.0-beta.1',
61 silly addNameRange     '1.5.0',
61 silly addNameRange     '1.5.1-beta.0',
61 silly addNameRange     '1.5.1-beta.1',
61 silly addNameRange     '1.5.1-beta.2',
61 silly addNameRange     '1.5.1-beta.3',
61 silly addNameRange     '1.5.1-beta.4',
61 silly addNameRange     '1.5.1',
61 silly addNameRange     '1.5.2',
61 silly addNameRange     '1.5.3',
61 silly addNameRange     '1.5.4',
61 silly addNameRange     '1.5.5',
61 silly addNameRange     '1.6.0-beta.1',
61 silly addNameRange     '1.6.0',
61 silly addNameRange     '1.6.1',
61 silly addNameRange     '1.6.2-beta.0',
61 silly addNameRange     '1.6.2-beta.1',
61 silly addNameRange     '1.6.2-beta.2',
61 silly addNameRange     '1.6.2',
61 silly addNameRange     '1.6.3-beta.0',
61 silly addNameRange     '1.6.3-beta.1',
61 silly addNameRange     '1.6.3',
61 silly addNameRange     '1.6.4-beta.0',
61 silly addNameRange     '1.6.4-beta.1',
61 silly addNameRange     '1.6.4',
61 silly addNameRange     '1.7.0-beta.0',
61 silly addNameRange     '1.7.0-beta.1',
61 silly addNameRange     '1.7.0-beta.2',
61 silly addNameRange     '1.7.0-beta.3',
61 silly addNameRange     '2.0.0-alpha.1',
61 silly addNameRange     '2.0.0-alpha.3',
61 silly addNameRange     '1.7.0-beta.4',
61 silly addNameRange     '1.6.5-testing.0',
61 silly addNameRange     '1.6.5-testing.1',
61 silly addNameRange     '1.6.5-testing.2',
61 silly addNameRange     '1.6.5-testing.3',
61 silly addNameRange     '1.6.5',
61 silly addNameRange     '2.0.0-alpha.4',
61 silly addNameRange     '1.7.0-beta.5',
61 silly addNameRange     '1.7.0-beta.6',
61 silly addNameRange     '1.7.0',
61 silly addNameRange     '2.0.0-alpha.5',
61 silly addNameRange     '2.0.0-alpha.6',
61 silly addNameRange     '1.7.1',
61 silly addNameRange     '2.0.0-alpha.7',
61 silly addNameRange     '2.0.0-alpha.8',
61 silly addNameRange     '1.7.2',
61 silly addNameRange     '1.7.3',
61 silly addNameRange     '1.7.4',
61 silly addNameRange     '1.7.5',
61 silly addNameRange     '1.7.6',
61 silly addNameRange     '1.7.7-beta.0',
61 silly addNameRange     '2.0.0-alpha.9',
61 silly addNameRange     '1.7.7',
61 silly addNameRange     '2.0.0-alpha.10',
61 silly addNameRange     '2.0.0-alpha.11',
61 silly addNameRange     '2.0.0-alpha.12',
61 silly addNameRange     '2.0.0-alpha.13',
61 silly addNameRange     '2.0.0-alpha.14',
61 silly addNameRange     '2.0.0-alpha.15',
61 silly addNameRange     '2.0.0-alpha.16',
61 silly addNameRange     '2.0.0-alpha.17',
61 silly addNameRange     '2.0.0-alpha.18',
61 silly addNameRange     '1.7.8-beta.0',
61 silly addNameRange     '1.7.8-beta.1',
61 silly addNameRange     '1.7.8-beta.2',
61 silly addNameRange     '1.7.8-beta.3',
61 silly addNameRange     '1.7.8',
61 silly addNameRange     '2.0.0-alpha.19',
61 silly addNameRange     '2.0.0-alpha.20',
61 silly addNameRange     '2.0.0-alpha.21',
61 silly addNameRange     '2.0.0-alpha.22',
61 silly addNameRange     '2.0.0-alpha.23',
61 silly addNameRange     '1.7.9',
61 silly addNameRange     '1.7.10',
61 silly addNameRange     '2.0.0-alpha.24',
61 silly addNameRange     '2.0.0-alpha.25',
61 silly addNameRange     '2.0.0-beta.1',
61 silly addNameRange     '1.7.11',
61 silly addNameRange     '2.0.0-beta.2',
61 silly addNameRange     '2.0.0-beta.3',
61 silly addNameRange     '2.0.0-beta.4',
61 silly addNameRange     '2.0.0-beta.5',
61 silly addNameRange     '2.0.0-beta.6',
61 silly addNameRange     '2.0.0-beta.7',
61 silly addNameRange     '2.0.0-beta.8',
61 silly addNameRange     '2.0.0-beta.9',
61 silly addNameRange     '2.0.0-beta.10',
61 silly addNameRange     '2.0.0-beta.11',
61 silly addNameRange     '1.7.12',
61 silly addNameRange     '2.0.0-beta.12',
61 silly addNameRange     '2.0.0-beta.13',
61 silly addNameRange     '2.0.0-beta.14',
61 silly addNameRange     '2.0.0-beta.15',
61 silly addNameRange     '2.0.0-beta.16',
61 silly addNameRange     '2.0.0-beta.17',
61 silly addNameRange     '1.7.13',
61 silly addNameRange     '1.7.14',
61 silly addNameRange     '2.0.0-beta.18',
61 silly addNameRange     '2.0.0-beta.19',
61 silly addNameRange     '2.0.0-beta.20',
61 silly addNameRange     '2.0.0-beta.21',
61 silly addNameRange     '2.0.0-beta.22',
61 silly addNameRange     '2.0.0-beta.23',
61 silly addNameRange     '2.0.0-beta.24',
61 silly addNameRange     '2.0.0-beta.25',
61 silly addNameRange     '1.7.15-beta.0',
61 silly addNameRange     '1.7.15-beta.1',
61 silly addNameRange     '1.7.15-beta.2',
61 silly addNameRange     '1.7.15-beta.3',
61 silly addNameRange     '1.7.15',
61 silly addNameRange     '2.0.0-beta.26',
61 silly addNameRange     '2.0.0-beta.27',
61 silly addNameRange     '2.0.0-beta.28',
61 silly addNameRange     '2.0.0-beta.29',
61 silly addNameRange     '2.0.0-beta.30',
61 silly addNameRange     '2.0.0-beta.31',
61 silly addNameRange     '1.7.16',
61 silly addNameRange     '2.0.0-beta.32',
61 silly addNameRange     '2.0.0-beta.33',
61 silly addNameRange     '2.0.0-beta.34',
61 silly addNameRange     '2.0.0-beta.35',
61 silly addNameRange     '2.0.0-beta.36',
61 silly addNameRange     '2.0.0-beta.37',
61 silly addNameRange     '2.0.0',
61 silly addNameRange     '2.1.0-beta.0',
61 silly addNameRange     '2.1.0-beta.1',
61 silly addNameRange     '2.1.0-beta.2',
61 silly addNameRange     '2.1.0-beta.3',
61 silly addNameRange     '2.1.0',
61 silly addNameRange     '2.1.1',
61 silly addNameRange     '2.1.2',
61 silly addNameRange     '2.1.3',
61 silly addNameRange     '2.1.4',
61 silly addNameRange     '2.1.5',
61 silly addNameRange     '2.1.6',
61 silly addNameRange     '2.1.7',
61 silly addNameRange     '2.1.8',
61 silly addNameRange     '2.1.9',
61 silly addNameRange     '2.1.10',
61 silly addNameRange     '2.1.11',
61 silly addNameRange     '2.1.12',
61 silly addNameRange     '2.1.13',
61 silly addNameRange     '2.1.14',
61 silly addNameRange     '2.1.15',
61 silly addNameRange     '2.1.16',
61 silly addNameRange     '2.1.17',
61 silly addNameRange     '2.1.17-201612131445',
61 silly addNameRange     '2.1.17-201612131736',
61 silly addNameRange     '2.1.17-201612131919',
61 silly addNameRange     '2.1.17-201612191658',
61 silly addNameRange     '2.1.17-201612201942',
61 silly addNameRange     '2.1.17-201612202039',
61 silly addNameRange     '2.1.17-201612220455',
61 silly addNameRange     '2.1.18',
61 silly addNameRange     '2.1.18-201701110338',
61 silly addNameRange     '2.2.0',
61 silly addNameRange     '2.2.1',
61 silly addNameRange     '3.0.0-alpha.12e4141f',
61 silly addNameRange     '3.0.0-alpha.b0ea99a9',
61 silly addNameRange     '3.0.0-alpha.76eb8ad1',
61 silly addNameRange     '3.0.0-alpha.1b3573c8',
61 silly addNameRange     '3.0.0-alpha.63f24da1',
61 silly addNameRange     '3.0.0-alpha.11ae7639',
61 silly addNameRange     '3.0.0-alpha.8875ac08',
61 silly addNameRange     '3.0.0-alpha.c90de7f8',
61 silly addNameRange     '3.0.0-alpha.ddfcd38a',
61 silly addNameRange     '3.0.0-alpha.6a2e9ddb',
61 silly addNameRange     '3.0.0-alpha.139ef8a6',
61 silly addNameRange     '3.0.0-alpha.22dc0bf8',
61 silly addNameRange     '3.0.0-alpha.100',
61 silly addNameRange     '3.0.0-alpha.101',
61 silly addNameRange     '3.0.0-alpha.102',
61 silly addNameRange     '3.0.0-alpha.103',
61 silly addNameRange     '3.0.0-alpha.104',
61 silly addNameRange     '3.0.0-alpha.105',
61 silly addNameRange     '3.0.0-alpha.106',
61 silly addNameRange     '3.0.0-alpha.107',
61 silly addNameRange     '3.0.0-beta.1',
61 silly addNameRange     '3.0.0-beta.2',
61 silly addNameRange     '3.0.0-beta.3',
61 silly addNameRange     '3.0.0-beta.4',
61 silly addNameRange     '3.0.0-beta.5',
61 silly addNameRange     '2.2.2',
61 silly addNameRange     '3.0.0-beta.5-alpha.c9d454fd',
61 silly addNameRange     '3.0.0-beta.6',
61 silly addNameRange     '3.0.0-beta7',
61 silly addNameRange     '3.0.0-beta7-alpha.d32d569c',
61 silly addNameRange     '2.2.3',
61 silly addNameRange     '3.0.0-beta7-alpha.950ade14',
61 silly addNameRange     '3.0.0-beta7-alpha.508ecf09',
61 silly addNameRange     '3.0.0-beta7-alpha.8701e30b',
61 silly addNameRange     '3.0.0-beta7-alpha.9ae0c955',
61 silly addNameRange     '3.0.0-beta7-alpha.696ae026',
61 silly addNameRange     '3.0.0-beta7-alpha.fcb9df21',
61 silly addNameRange     '3.0.0-beta7-alpha.ec7cdd04',
61 silly addNameRange     '3.0.0-beta7-alpha.9e9fa3cd',
61 silly addNameRange     '3.0.0-beta7-alpha.9186169f',
61 silly addNameRange     '3.0.0-beta7-alpha.a436fb3b',
61 silly addNameRange     '3.0.0-beta7-alpha.9a45162d',
61 silly addNameRange     '3.0.0-beta7-alpha.82baf627',
61 silly addNameRange     '3.0.0-beta7-alpha.5db25ede',
61 silly addNameRange     '3.0.0-beta7-alpha.2c85eb7d',
61 silly addNameRange     '3.0.0-beta7-alpha.317a5b89',
61 silly addNameRange     '3.0.0-beta8',
61 silly addNameRange     '3.0.0-beta8-alpha.9279cbab',
61 silly addNameRange     '3.0.0-beta8-alpha.65a481d0',
61 silly addNameRange     '3.0.0-beta8-alpha.161a488d',
61 silly addNameRange     '3.0.0-beta8-alpha.621136f8',
61 silly addNameRange     '3.0.0-beta8-alpha.13802933',
61 silly addNameRange     '3.0.0-beta8-alpha.24407e3a',
61 silly addNameRange     '3.0.0-beta8-alpha.cec30e7d',
61 silly addNameRange     '3.0.0-beta8-alpha.93e26403',
61 silly addNameRange     '3.0.0-beta8-alpha.a824465e',
61 silly addNameRange     '3.0.0-beta8-alpha.1bdfe1b5',
61 silly addNameRange     '3.0.0-beta9',
61 silly addNameRange     '3.0.0-beta9-alpha.cc333d6e',
61 silly addNameRange     '3.0.0-beta9-alpha.c10bff9a',
61 silly addNameRange     '3.0.0-beta9-alpha.9a8116f6',
61 silly addNameRange     '3.0.0-beta9-alpha.5107a661',
61 silly addNameRange     '3.0.0-beta10',
61 silly addNameRange     '3.0.0-beta10-alpha.c521c12e',
61 silly addNameRange     '3.0.0-beta10-alpha.30356571',
61 silly addNameRange     '3.0.0-beta10-alpha.62502c0c',
61 silly addNameRange     '3.0.0-beta10-alpha.fd1544a0',
61 silly addNameRange     '3.0.0-beta10-alpha.f557b556',
61 silly addNameRange     '3.0.0-beta10-alpha.7df862ad',
61 silly addNameRange     '3.0.0-rc.0',
61 silly addNameRange     '3.0.0-rc.0-alpha.1bc04186',
61 silly addNameRange     '3.0.0-rc.0-alpha.b7f97e5d',
61 silly addNameRange     '3.0.0-rc.0-alpha.5262b4d9',
61 silly addNameRange     '3.0.0-rc.0-alpha.9f2c9fb4',
61 silly addNameRange     '3.0.0-rc.0-alpha.80160283',
61 silly addNameRange     '3.0.0-rc.0-alpha.50bdcf62',
61 silly addNameRange     '3.0.0-rc.0-alpha.3155e3f1',
61 silly addNameRange     '3.0.0-rc.0-alpha.cf4a4a07',
61 silly addNameRange     '3.0.0-rc.0-alpha.b8fd4002',
61 silly addNameRange     '3.0.0-rc.0-alpha.9201f531',
61 silly addNameRange     '3.0.0-rc.0-alpha.deb53b99',
61 silly addNameRange     '3.0.0-rc.0-alpha.8595235d',
61 silly addNameRange     '3.0.0-rc.0-alpha.9763c377',
61 silly addNameRange     '3.0.0-rc.0-alpha.f61f7c3e',
61 silly addNameRange     '3.0.0-rc.1',
61 silly addNameRange     '3.0.0-rc.1-alpha.b5a79be6',
61 silly addNameRange     '3.0.0-rc.1-alpha.2d3be68b',
61 silly addNameRange     '3.0.0-rc.1-alpha.93226be6',
61 silly addNameRange     '3.0.0-rc.1-alpha.f2507505',
61 silly addNameRange     '3.0.0-rc.1-alpha.2bb303a6',
61 silly addNameRange     '3.0.0-rc.1-alpha.7c322585',
61 silly addNameRange     '3.0.0-rc.1-alpha.73405c8f',
61 silly addNameRange     '3.0.0-rc.1-alpha.267ff06e',
61 silly addNameRange     '3.0.0-rc.1-alpha.66f7a07d',
61 silly addNameRange     '3.0.0-rc.1-alpha.62022768',
61 silly addNameRange     '3.0.0-rc.1-alpha.4e9bd53a',
61 silly addNameRange     '3.0.0-rc.1-alpha.f73920b9',
61 silly addNameRange     '3.0.0-rc.1-alpha.42f83eca',
61 silly addNameRange     '3.0.0-rc.1-alpha.9a1af396',
61 silly addNameRange     '3.0.0-rc.2',
61 silly addNameRange     '3.0.0-rc.2-alpha.f5850eb3',
61 silly addNameRange     '3.0.0-rc.2-alpha.db56afb0',
61 silly addNameRange     '3.0.0-rc.2-alpha.9bcb09b3',
61 silly addNameRange     '3.0.0-rc.2-alpha.dec1e86f',
61 silly addNameRange     '3.0.0-rc.2-alpha.7870209c',
61 silly addNameRange     '3.0.0-rc.2-alpha.ed9d2b16',
61 silly addNameRange     '3.0.0-rc.2-alpha.dfaa6be0',
61 silly addNameRange     '3.0.0',
61 silly addNameRange     '3.0.0-alpha.3307486d',
61 silly addNameRange     '3.0.0-alpha.88f599cb',
61 silly addNameRange     '3.0.0-alpha.04749d5e',
61 silly addNameRange     '3.0.0-alpha.a7fb5aee',
61 silly addNameRange     '3.0.0-alpha.cd529fae',
61 silly addNameRange     '3.0.0-alpha.1897baa2',
61 silly addNameRange     '3.0.0-alpha.be5e9db9',
61 silly addNameRange     '3.0.0-alpha.0ac81249',
61 silly addNameRange     '3.0.0-alpha.bd26a5a5',
61 silly addNameRange     '3.0.0-alpha.256503ea',
61 silly addNameRange     '3.0.0-alpha.1559049c',
61 silly addNameRange     '3.0.0-alpha.8fcb0a8d',
61 silly addNameRange     '3.0.0-alpha.78b33db6',
61 silly addNameRange     '3.0.0-alpha.c8f4e7e8',
61 silly addNameRange     '3.0.0-alpha.54936cde',
61 silly addNameRange     '3.0.0-alpha.f02f7234',
61 silly addNameRange     '3.0.0-alpha.7cf891bc',
61 silly addNameRange     '3.0.0-alpha.f2ecbc05',
61 silly addNameRange     '3.0.0-alpha.9fdbda6b',
61 silly addNameRange     '3.0.0-alpha.2cc25b1f',
61 silly addNameRange     '3.0.0-alpha.001e53a0',
61 silly addNameRange     '3.0.0-alpha.3bea5304',
61 silly addNameRange     '3.0.0-alpha.84cfb4e9',
61 silly addNameRange     '3.0.0-alpha.6335afd8',
61 silly addNameRange     '3.0.0-alpha.be89cb1a',
61 silly addNameRange     '3.0.0-alpha.5178832e',
61 silly addNameRange     '3.0.0-alpha.74f2f69e',
61 silly addNameRange     '3.0.0-alpha.df127ee9',
61 silly addNameRange     '3.0.0-alpha.b1b757b3',
61 silly addNameRange     '3.0.0-alpha.7cc2e042',
61 silly addNameRange     '3.1.0',
61 silly addNameRange     '3.1.0-alpha.728d8915',
61 silly addNameRange     '3.1.0-alpha.f29cc510',
61 silly addNameRange     '3.1.1',
61 silly addNameRange     '3.1.1-alpha.a12a4ea0',
61 silly addNameRange     '3.1.1-alpha.a2de9837',
61 silly addNameRange     '3.1.2',
61 silly addNameRange     '3.1.2-alpha.89f6a886',
61 silly addNameRange     '3.1.2-alpha.86d8c9ab',
61 silly addNameRange     '3.1.2-alpha.474b2964',
61 silly addNameRange     '3.1.2-alpha.1966a0cd',
61 silly addNameRange     '3.1.2-alpha.2f78a2ac',
61 silly addNameRange     '3.1.2-alpha.df0500d8',
61 silly addNameRange     '3.1.2-alpha.e35b6c7a',
61 silly addNameRange     '3.1.2-alpha.aaa8e51f',
61 silly addNameRange     '3.1.2-alpha.d8d26e46',
61 silly addNameRange     '3.1.2-alpha.e8a42459',
61 silly addNameRange     '3.1.2-alpha.0fbfccd4',
61 silly addNameRange     '3.1.2-alpha.8677e8ff',
61 silly addNameRange     '3.1.2-alpha.5755ae61',
61 silly addNameRange     '3.1.2-alpha.7637b63f',
61 silly addNameRange     '3.1.2-alpha.27aebcae',
61 silly addNameRange     '3.1.2-alpha.a620a741',
61 silly addNameRange     '3.1.2-alpha.aaed58fe',
61 silly addNameRange     '3.1.2-alpha.5d984bd3',
61 silly addNameRange     '3.1.2-alpha.cd32bdfa',
61 silly addNameRange     '3.1.2-alpha.fbcfc761',
61 silly addNameRange     '3.1.2-alpha.09e7ba0c',
61 silly addNameRange     '3.1.2-alpha.221702c3',
61 silly addNameRange     '3.1.2-alpha.e8a48ef8',
61 silly addNameRange     '3.1.2-alpha.7f218f1e',
61 silly addNameRange     '3.1.2-alpha.8573ff20',
61 silly addNameRange     '3.2.0',
61 silly addNameRange     '3.2.0-alpha.e4848b45',
61 silly addNameRange     '3.2.0-alpha.94db9255',
61 silly addNameRange     '3.2.0-alpha.4aa54028',
61 silly addNameRange     '3.2.0-alpha.f2cd537a',
61 silly addNameRange     '3.2.0-alpha.771a2424',
61 silly addNameRange     '3.2.0-alpha.cb43ec30',
61 silly addNameRange     '3.2.0-alpha.a7d3454e',
61 silly addNameRange     '3.2.0-alpha.55004475',
61 silly addNameRange     '3.2.0-alpha.1191cde4',
61 silly addNameRange     '3.2.0-alpha.256f5327',
61 silly addNameRange     '3.2.0-alpha.6473815d',
61 silly addNameRange     '3.2.0-alpha.4a752559',
61 silly addNameRange     '3.2.0-alpha.b543ac49',
61 silly addNameRange     '3.2.0-alpha.c4eedf56',
61 silly addNameRange     '3.2.0-alpha.85528262',
61 silly addNameRange     '3.3.0',
61 silly addNameRange     '3.3.0-alpha.4be0cd6a',
61 silly addNameRange     '3.3.0-alpha.e4917330',
61 silly addNameRange     '3.3.0-alpha.3a135e99',
61 silly addNameRange     '3.3.0-alpha.0817eb1b',
61 silly addNameRange     '3.3.0-alpha.02b6c45f',
61 silly addNameRange     '3.3.0-alpha.88789d8d',
61 silly addNameRange     '3.3.0-alpha.11a38467',
61 silly addNameRange     '3.3.0-alpha.fe2fd11c',
61 silly addNameRange     '3.3.0-alpha.6953e719',
61 silly addNameRange     '3.3.0-alpha.c0a4f220',
61 silly addNameRange     '3.3.0-alpha.5b52d01c',
61 silly addNameRange     '3.3.0-alpha.e34fc346',
61 silly addNameRange     '3.3.0-alpha.0fdbae8c',
61 silly addNameRange     '3.3.0-alpha.e3378136',
61 silly addNameRange     '3.3.0-alpha.ba34a861',
61 silly addNameRange     '3.3.0-alpha.1060df23',
61 silly addNameRange     '3.4.0',
61 silly addNameRange     '3.4.0-alpha.46cae538',
61 silly addNameRange     '3.4.0-alpha.ce6c1296',
61 silly addNameRange     '3.4.0-alpha.9e3fee08',
61 silly addNameRange     '3.4.0-alpha.2e48420c',
61 silly addNameRange     '3.4.0-alpha.81a18efb',
61 silly addNameRange     '3.4.0-alpha.158bdbaa',
61 silly addNameRange     '3.4.0-alpha.e838a5d7',
61 silly addNameRange     '3.5.0-alpha.9f3b5763',
61 silly addNameRange     '3.5.0-alpha.584ae753',
61 silly addNameRange     '3.5.0-alpha.965af07a',
61 silly addNameRange     '3.5.0',
61 silly addNameRange     '3.6.0-alpha.7154d42e',
61 silly addNameRange     '3.6.0-alpha.c502e94c',
61 silly addNameRange     '3.6.0-alpha.18371e18',
61 silly addNameRange     '3.6.0-alpha.6bff50a2',
61 silly addNameRange     '3.6.0-alpha.b9b49059',
61 silly addNameRange     '3.6.0-alpha.b11499dc',
61 silly addNameRange     '3.6.0-pro.531f60a1',
61 silly addNameRange     '3.6.0-alpha.1b7049bb',
61 silly addNameRange     '3.6.0-pro.4b58f416',
61 silly addNameRange     '3.6.0-alpha.5dcf250b',
61 silly addNameRange     '3.6.0-alpha.37170327',
61 silly addNameRange     '3.6.0-alpha.868bd4cc',
61 silly addNameRange     '3.6.0-alpha.5e63bb44',
61 silly addNameRange     '3.6.0-alpha.243f20d0',
61 silly addNameRange     '3.6.0-daemon.e17209b2',
61 silly addNameRange     '3.6.0-daemon.772b0a37',
61 silly addNameRange     '3.6.0-pro.7639fbf7',
61 silly addNameRange     '3.6.0-pro.7bb2aa94',
61 silly addNameRange     '3.6.0-pro.e0ab64f9',
61 silly addNameRange     '3.6.0-pro.f7ffd63d',
61 silly addNameRange     '3.6.0-pro.3b5f5874',
61 silly addNameRange     '3.6.0-pro.29f9aa31',
61 silly addNameRange     '3.6.0-pro.f3419325',
61 silly addNameRange     '3.6.0-pro.adbed8fc',
61 silly addNameRange     '3.6.0-pro.60271e5b',
61 silly addNameRange     '3.6.0-pro.051ef140',
61 silly addNameRange     '3.6.0-pro.733aa2e2',
61 silly addNameRange     '3.6.0-pro.04a72b8e',
61 silly addNameRange     '3.6.0-pro.6a81a551',
61 silly addNameRange     '3.6.0-pro.dfbcbea9',
61 silly addNameRange     '3.6.0-pro.38c4520b',
61 silly addNameRange     '3.6.0-pro.b1f2a52c',
61 silly addNameRange     '3.6.0-pro.c732e5f4',
61 silly addNameRange     '3.6.0-alpha.36dc2f70',
61 silly addNameRange     '3.6.0-alpha.d4537e5d',
61 silly addNameRange     '3.6.0-alpha.27cdcfd6',
61 silly addNameRange     '3.6.0-alpha.2098819c',
61 silly addNameRange     '3.6.0-alpha.a562b3c7',
61 silly addNameRange     '3.6.0-alpha.b9074460',
61 silly addNameRange     '3.6.0-alpha.22543634',
61 silly addNameRange     '3.6.0-alpha.1a24f237',
61 silly addNameRange     '3.6.0-alpha.97b1db8f',
61 silly addNameRange     '3.6.0-alpha.205dd9c3',
61 silly addNameRange     '3.6.0-alpha.07d2c7f5',
61 silly addNameRange     '3.6.0-alpha.bfa36021',
61 silly addNameRange     '3.6.0-alpha.327baed6',
61 silly addNameRange     '3.6.0-alpha.17d60bac',
61 silly addNameRange     '3.6.0-alpha.8c718a65',
61 silly addNameRange     '3.6.0-alpha.4323e35f',
61 silly addNameRange     '3.6.0',
61 silly addNameRange     '3.7.0-alpha.33309f58',
61 silly addNameRange     '3.7.0-alpha.3adfcb63',
61 silly addNameRange     '3.7.0-alpha.34095a41',
61 silly addNameRange     '3.7.0-alpha.f8c9ca50',
61 silly addNameRange     '3.7.0-alpha.1f885fa6',
61 silly addNameRange     '3.7.0-alpha.3abb0d6b',
61 silly addNameRange     '3.7.0-alpha.b36edaa4',
61 silly addNameRange     '3.7.0-alpha.a6a804c4',
61 silly addNameRange     '3.7.0-alpha.e8a74d07',
61 silly addNameRange     '3.7.0-alpha.99e29f1f',
61 silly addNameRange     '3.7.0-alpha.93bbc88d',
61 silly addNameRange     '3.7.0-alpha.b8ec8eca',
61 silly addNameRange     '3.7.0-alpha.dd5445cc',
61 silly addNameRange     '3.7.0-alpha.ecd2eb87',
61 silly addNameRange     '3.7.0',
61 silly addNameRange     '3.8.0-alpha.2d87e649',
61 silly addNameRange     '3.8.0-alpha.35fa3b5c',
61 silly addNameRange     '3.8.0-alpha.8967c501',
61 silly addNameRange     '3.8.0-alpha.e0467336',
61 silly addNameRange     '3.8.0-alpha.d695c89f',
61 silly addNameRange     '3.8.0-alpha.ce14ec7c',
61 silly addNameRange     '3.8.0-testing.f84938cc',
61 silly addNameRange     '3.8.0-testing.fc57fc77',
61 silly addNameRange     '3.8.0-alpha.93effbfa',
61 silly addNameRange     '3.8.0-testing.bc580410',
61 silly addNameRange     '3.8.0-testing.15a83d68',
61 silly addNameRange     '3.8.0-alpha.1d0f21c3',
61 silly addNameRange     '3.8.0-alpha.de55fb7b',
61 silly addNameRange     '3.8.0-alpha.bfc843c8',
61 silly addNameRange     '3.8.0-alpha.9f740e0e',
61 silly addNameRange     '3.8.0-alpha.a2020412',
61 silly addNameRange     '3.8.0-alpha.7eb58ee5',
61 silly addNameRange     '3.8.0-alpha.c09792cc',
61 silly addNameRange     '3.8.0-alpha.053e614f',
61 silly addNameRange     '3.8.0-alpha.5e7466fa',
61 silly addNameRange     '3.8.0-alpha.36757456',
61 silly addNameRange     '3.8.0-alpha.3dca7af1',
61 silly addNameRange     '3.8.0-alpha.f2b7650a',
61 silly addNameRange     '3.8.0-alpha.02f2574d',
61 silly addNameRange     '3.8.0-alpha.d7fe31df',
61 silly addNameRange     '3.8.0-alpha.89853cad',
61 silly addNameRange     '3.8.0-alpha.4eeea0a7',
61 silly addNameRange     '3.8.0-alpha.d89ac098',
61 silly addNameRange     '3.8.0-alpha.27a0c171',
61 silly addNameRange     '3.8.0',
61 silly addNameRange     '3.9.0-alpha.25631718',
61 silly addNameRange     '3.9.0-alpha.5664a3bd',
61 silly addNameRange     '3.9.0-alpha.f08f22b9',
61 silly addNameRange     '3.8.1',
61 silly addNameRange     '3.9.0-alpha.0af0a057',
61 silly addNameRange     '3.9.0-alpha.80ac51c3',
61 silly addNameRange     '3.9.0-alpha.0a5ce809',
61 silly addNameRange     '3.9.0-alpha.f7a37c36',
61 silly addNameRange     '3.9.0',
61 silly addNameRange     '3.10.0-alpha.e70e024b',
61 silly addNameRange     '3.10.0-alpha.7f8ffc11',
61 silly addNameRange     '3.10.0-alpha.14c36137',
61 silly addNameRange     '3.10.0-alpha.ea07da95',
61 silly addNameRange     '3.10.0-alpha.e32f9c1b',
61 silly addNameRange     '3.9.1',
61 silly addNameRange     '3.10.0-alpha.168597f1',
61 silly addNameRange     '3.10.0-alpha.5377f7ea',
61 silly addNameRange     '3.10.0-alpha.37f9c5a6',
61 silly addNameRange     '3.9.2',
61 silly addNameRange     '3.10.0-alpha.e130da17',
61 silly addNameRange     '3.10.0-alpha.3a447a5e',
61 silly addNameRange     '3.10.0-alpha.ca6e0ef3',
61 silly addNameRange     '3.10.0-alpha.69661358',
61 silly addNameRange     '3.10.0-alpha.91c1be14',
61 silly addNameRange     '3.10.0-alpha.706680d5',
61 silly addNameRange     '3.10.0-alpha.b9cee01b',
61 silly addNameRange     '3.10.0-alpha.47286cb5',
61 silly addNameRange     '3.10.0-alpha.c8b4d11f',
61 silly addNameRange     '3.10.0-alpha.5763a38f',
61 silly addNameRange     '3.10.0-alpha.ae1f7f12',
61 silly addNameRange     '3.10.0-alpha.967da6cf',
61 silly addNameRange     '3.10.0-alpha.e4c91ce1',
61 silly addNameRange     '3.10.0-alpha.0b92c514',
61 silly addNameRange     '3.10.0-alpha.231710ec',
61 silly addNameRange     '3.10.0-alpha.c0696f37',
61 silly addNameRange     '3.10.0-alpha.50a8923a',
61 silly addNameRange     '3.10.0-alpha.b34c24dc',
61 silly addNameRange     '3.10.0-alpha.7903281b',
61 silly addNameRange     '3.10.0-alpha.0fd94185',
61 silly addNameRange     '3.10.0-alpha.d90cdb82',
61 silly addNameRange     '3.10.0-alpha.f10931c3',
61 silly addNameRange     '3.10.0',
61 silly addNameRange     '3.11.0-alpha.af755101',
61 silly addNameRange     '3.11.0-alpha.3453ed9f',
61 silly addNameRange     '3.10.1',
61 silly addNameRange     '3.11.0-alpha.3beff359',
61 silly addNameRange     '3.11.0-alpha.d10602f6',
61 silly addNameRange     '3.10.2',
61 silly addNameRange     '3.11.0-alpha.e059cd77',
61 silly addNameRange     '3.11.0-alpha.45e565ae',
61 silly addNameRange     '3.10.3',
61 silly addNameRange     '3.11.0-alpha.a3b3e2fa',
61 silly addNameRange     '3.11.0-alpha.6978de1c',
61 silly addNameRange     '3.11.0-alpha.a5d03c39',
61 silly addNameRange     '3.11.0-alpha.124702a8',
61 silly addNameRange     '3.11.0-alpha.fe072159',
61 silly addNameRange     '3.11.0-alpha.f2170bc9',
61 silly addNameRange     '3.11.0-alpha.3801fdfb',
61 silly addNameRange     '3.11.0-alpha.c0ffaccf',
61 silly addNameRange     '3.11.0-alpha.f2795409',
61 silly addNameRange     '3.11.0-alpha.4835cd9a',
61 silly addNameRange     '3.11.0-alpha.4031bd7f',
61 silly addNameRange     '3.11.0',
61 silly addNameRange     '3.12.0-alpha.4be8a40f',
61 silly addNameRange     '3.12.0-alpha.4d2f3b62',
61 silly addNameRange     '3.12.0-alpha.efbbe002',
61 silly addNameRange     '3.12.0',
61 silly addNameRange     '3.13.0-alpha.68073bb6',
61 silly addNameRange     '3.13.0-alpha.3f0aab64',
61 silly addNameRange     '3.13.0-alpha.77ac7d71',
61 silly addNameRange     '3.13.0-alpha.a2ba645a',
61 silly addNameRange     '3.13.0-alpha.36fd2f37',
61 silly addNameRange     '3.13.0-alpha.1ff22482',
61 silly addNameRange     '3.13.0-alpha.31225b9a',
61 silly addNameRange     '3.13.0',
61 silly addNameRange     '3.14.0-alpha.fdc67024',
61 silly addNameRange     '3.14.0-alpha.9bb9ad17',
61 silly addNameRange     '3.13.1',
61 silly addNameRange     '3.14.0-alpha.a96f36b4',
61 silly addNameRange     '3.14.0-alpha.93870940',
61 silly addNameRange     '3.13.2',
61 silly addNameRange     '3.14.0-alpha.65f41660',
61 silly addNameRange     '3.14.0-alpha.6dd871da',
61 silly addNameRange     '3.14.0-alpha.477a4cbf',
61 silly addNameRange     '3.14.0-alpha.f48ad234',
61 silly addNameRange     '3.14.0-alpha.5d730984',
61 silly addNameRange     '3.14.0-alpha.a3d1be6c',
61 silly addNameRange     '3.14.0',
61 silly addNameRange     '3.15.0-alpha.1a89fa2a',
61 silly addNameRange     '3.15.0-alpha.7975cd89',
61 silly addNameRange     '3.15.0-alpha.da35a83a',
61 silly addNameRange     '3.15.0',
61 silly addNameRange     '3.16.0-alpha.b3faeab0',
61 silly addNameRange     '3.16.0-alpha.066ff224',
61 silly addNameRange     '3.15.1',
61 silly addNameRange     '3.16.0-alpha.33f09d33',
61 silly addNameRange     '3.16.0-alpha.25bbda55',
61 silly addNameRange     '3.15.2',
61 silly addNameRange     '3.16.0-alpha.932c5465',
61 silly addNameRange     '3.16.0-alpha.aebe2ff4',
61 silly addNameRange     '3.16.0-alpha.fb4e38e9',
61 silly addNameRange     '3.16.0-alpha.06ba4dc8',
61 silly addNameRange     '3.16.0',
61 silly addNameRange     '3.17.0-alpha.44c5992d',
61 silly addNameRange     '3.17.0-testing.65573967',
61 silly addNameRange     '3.17.0-alpha.3137c766',
61 silly addNameRange     '3.17.0-alpha.1c5a5271',
61 silly addNameRange     '3.17.0-alpha.6f9c6db0',
61 silly addNameRange     '3.17.0',
61 silly addNameRange     '3.18.0-alpha.f2b052f7',
61 silly addNameRange     '3.18.0-alpha.553524db',
61 silly addNameRange     '3.18.0-alpha.f54e78b9',
61 silly addNameRange     '3.18.0-alpha.bb45db43',
61 silly addNameRange     '3.18.0-alpha.4ef93fac',
61 silly addNameRange     '3.18.0',
61 silly addNameRange     '3.19.0-alpha.eaae01a2',
61 silly addNameRange     '3.19.0-alpha.3433fdf6',
61 silly addNameRange     '3.19.0-alpha.b5ece737',
61 silly addNameRange     '3.19.0-alpha.45488dd4',
61 silly addNameRange     '3.19.0-alpha.aa47958f',
61 silly addNameRange     '3.19.0-alpha.195e089e',
61 silly addNameRange     '3.19.0-alpha.fefc39d3',
61 silly addNameRange     '3.19.0-alpha.4349ad06',
61 silly addNameRange     '3.19.0',
61 silly addNameRange     '3.20.0-alpha.a9b8aa1f',
61 silly addNameRange     '3.20.0-alpha.ddc42350',
61 silly addNameRange     '3.20.0-alpha.1ec3c1f9',
61 silly addNameRange     '3.20.0-alpha.86f8661b',
61 silly addNameRange     '3.20.0-alpha.2c28c0e3',
61 silly addNameRange     '3.20.0-alpha.22a71119',
61 silly addNameRange     '3.20.0-alpha.49b0a095' ] ]
62 silly addNamed ionic@3.19.0
63 verbose addNamed "3.19.0" is a plain semver version for ionic
64 silly mapToRegistry name ionic
65 silly mapToRegistry using default registry
66 silly mapToRegistry registry https://registry.npmjs.org/
67 silly mapToRegistry uri https://registry.npmjs.org/ionic
68 verbose addRemoteTarball https://registry.npmjs.org/ionic/-/ionic-3.19.0.tgz not in flight; adding
69 verbose addRemoteTarball [ 'https://registry.npmjs.org/ionic/-/ionic-3.19.0.tgz',
69 verbose addRemoteTarball   'e16a3389737292d7f751c50903009863fe3d181a' ]
70 info retry fetch attempt 1 at 4:28:10 PM
71 info attempt registry request try #1 at 4:28:10 PM
72 http fetch GET https://registry.npmjs.org/ionic/-/ionic-3.19.0.tgz
73 http fetch 200 https://registry.npmjs.org/cordova/-/cordova-8.0.0.tgz
74 http fetch 200 https://registry.npmjs.org/ionic/-/ionic-3.19.0.tgz
75 silly fetchAndShaCheck shasum 2e8446d9493caafd870b1090785e7f03e2ae6a43
76 verbose addTmpTarball /var/folders/89/qcdqn_z94tlg85f6367z_2sc0000gn/T/npm-21140-e181ceaf/registry.npmjs.org/cordova/-/cordova-8.0.0.tgz not in flight; adding
77 verbose addTmpTarball already have metadata; skipping unpack for cordova@8.0.0
78 silly cache afterAdd cordova@8.0.0
79 verbose afterAdd /Users/Alverino/.npm/cordova/8.0.0/package/package.json not in flight; writing
80 verbose afterAdd /Users/Alverino/.npm/cordova/8.0.0/package/package.json written
81 silly fetchAndShaCheck shasum e16a3389737292d7f751c50903009863fe3d181a
82 verbose addTmpTarball /var/folders/89/qcdqn_z94tlg85f6367z_2sc0000gn/T/npm-21140-e181ceaf/registry.npmjs.org/ionic/-/ionic-3.19.0.tgz not in flight; adding
83 verbose addTmpTarball already have metadata; skipping unpack for ionic@3.19.0
84 silly cache afterAdd ionic@3.19.0
85 verbose afterAdd /Users/Alverino/.npm/ionic/3.19.0/package/package.json not in flight; writing
86 verbose afterAdd /Users/Alverino/.npm/ionic/3.19.0/package/package.json written
87 silly install resolved [ { name: 'cordova',
87 silly install resolved     version: '8.0.0',
87 silly install resolved     preferGlobal: true,
87 silly install resolved     description: 'Cordova command line interface tool',
87 silly install resolved     main: 'cordova',
87 silly install resolved     engines: { node: '>=4.0.0' },
87 silly install resolved     bin: { cordova: './bin/cordova' },
87 silly install resolved     scripts:
87 silly install resolved      { test: 'npm run eslint && npm run jasmine',
87 silly install resolved        eslint: 'eslint spec  && eslint src',
87 silly install resolved        cover: 'istanbul cover --root src --print detail jasmine',
87 silly install resolved        jasmine: 'jasmine' },
87 silly install resolved     repository:
87 silly install resolved      { type: 'git',
87 silly install resolved        url: 'git+https://github.com/apache/cordova-cli.git' },
87 silly install resolved     bugs:
87 silly install resolved      { url: 'https://issues.apache.org/jira/browse/CB',
87 silly install resolved        email: 'dev@cordova.apache.org' },
87 silly install resolved     keywords: [ 'cordova', 'client', 'cli' ],
87 silly install resolved     dependencies:
87 silly install resolved      { configstore: '2.1.0',
87 silly install resolved        'cordova-common': '^2.2.0',
87 silly install resolved        'cordova-lib': '8.0.0',
87 silly install resolved        editor: '1.0.0',
87 silly install resolved        insight: '0.8.4',
87 silly install resolved        nopt: '3.0.1',
87 silly install resolved        'update-notifier': '0.5.0' },
87 silly install resolved     devDependencies:
87 silly install resolved      { eslint: '^4.0.0',
87 silly install resolved        'eslint-config-semistandard': '^11.0.0',
87 silly install resolved        'eslint-config-standard': '^10.2.1',
87 silly install resolved        'eslint-plugin-import': '^2.3.0',
87 silly install resolved        'eslint-plugin-node': '^5.0.0',
87 silly install resolved        'eslint-plugin-promise': '^3.5.0',
87 silly install resolved        'eslint-plugin-standard': '^3.0.1',
87 silly install resolved        istanbul: '^0.4.5',
87 silly install resolved        jasmine: '^2.5.2',
87 silly install resolved        rewire: '^2.5.2' },
87 silly install resolved     author: { name: 'Anis Kadri' },
87 silly install resolved     contributors:
87 silly install resolved      [ [Object],
87 silly install resolved        [Object],
87 silly install resolved        [Object],
87 silly install resolved        [Object],
87 silly install resolved        [Object],
87 silly install resolved        [Object],
87 silly install resolved        [Object],
87 silly install resolved        [Object],
87 silly install resolved        [Object],
87 silly install resolved        [Object],
87 silly install resolved        [Object],
87 silly install resolved        [Object],
87 silly install resolved        [Object],
87 silly install resolved        [Object],
87 silly install resolved        [Object],
87 silly install resolved        [Object],
87 silly install resolved        [Object],
87 silly install resolved        [Object],
87 silly install resolved        [Object],
87 silly install resolved        [Object],
87 silly install resolved        [Object],
87 silly install resolved        [Object],
87 silly install resolved        [Object],
87 silly install resolved        [Object] ],
87 silly install resolved     license: 'Apache-2.0',
87 silly install resolved     homepage: 'https://github.com/apache/cordova-cli#readme',
87 silly install resolved     _id: 'cordova@8.0.0',
87 silly install resolved     _shasum: '2e8446d9493caafd870b1090785e7f03e2ae6a43',
87 silly install resolved     _resolved: 'https://registry.npmjs.org/cordova/-/cordova-8.0.0.tgz',
87 silly install resolved     _from: 'cordova@*',
87 silly install resolved     _npmVersion: '4.6.1',
87 silly install resolved     _nodeVersion: '8.9.3',
87 silly install resolved     _npmUser: { name: 'stevegill', email: 'stevengill97@gmail.com' },
87 silly install resolved     dist:
87 silly install resolved      { shasum: '2e8446d9493caafd870b1090785e7f03e2ae6a43',
87 silly install resolved        tarball: 'https://registry.npmjs.org/cordova/-/cordova-8.0.0.tgz' },
87 silly install resolved     maintainers:
87 silly install resolved      [ [Object],
87 silly install resolved        [Object],
87 silly install resolved        [Object],
87 silly install resolved        [Object],
87 silly install resolved        [Object],
87 silly install resolved        [Object],
87 silly install resolved        [Object],
87 silly install resolved        [Object],
87 silly install resolved        [Object],
87 silly install resolved        [Object],
87 silly install resolved        [Object],
87 silly install resolved        [Object],
87 silly install resolved        [Object],
87 silly install resolved        [Object],
87 silly install resolved        [Object],
87 silly install resolved        [Object],
87 silly install resolved        [Object],
87 silly install resolved        [Object],
87 silly install resolved        [Object] ],
87 silly install resolved     _npmOperationalInternal:
87 silly install resolved      { host: 's3://npm-registry-packages',
87 silly install resolved        tmp: 'tmp/cordova-8.0.0.tgz_1513711068304_0.19917534850537777' },
87 silly install resolved     directories: {} },
87 silly install resolved   { name: 'ionic',
87 silly install resolved     version: '3.19.0',
87 silly install resolved     description: 'A tool for creating and developing Ionic Framework mobile apps.',
87 silly install resolved     homepage: 'https://ionicframework.com',
87 silly install resolved     author:
87 silly install resolved      { name: 'Ionic Team',
87 silly install resolved        email: 'hi@ionic.io',
87 silly install resolved        url: 'https://ionicframework.com' },
87 silly install resolved     bin: { ionic: './bin/ionic' },
87 silly install resolved     engines: { node: '>=6.4.0' },
87 silly install resolved     main: './dist/index.js',
87 silly install resolved     types: './dist/index.d.ts',
87 silly install resolved     scripts:
87 silly install resolved      { clean: 'rm -rf ./dist',
87 silly install resolved        lint: 'tslint --config ../../tslint.js --project tsconfig.json --type-check',
87 silly install resolved        build: 'npm run clean && tsc',
87 silly install resolved        watch: 'tsc -w',
87 silly install resolved        test: 'jest',
87 silly install resolved        prepublishOnly: 'npm run build' },
87 silly install resolved     files: [ 'bin/', 'dist/' ],
87 silly install resolved     keywords:
87 silly install resolved      [ 'ionic',
87 silly install resolved        'ionic framework',
87 silly install resolved        'ionicframework',
87 silly install resolved        'mobile',
87 silly install resolved        'app',
87 silly install resolved        'hybrid',
87 silly install resolved        'cordova',
87 silly install resolved        'native',
87 silly install resolved        'phonegap' ],
87 silly install resolved     repository:
87 silly install resolved      { type: 'git',
87 silly install resolved        url: 'git+https://github.com/ionic-team/ionic-cli.git' },
87 silly install resolved     bugs: { url: 'https://github.com/ionic-team/ionic-cli/issues' },
87 silly install resolved     license: 'MIT',
87 silly install resolved     dependencies:
87 silly install resolved      { '@ionic/cli-framework': '0.1.2',
87 silly install resolved        '@ionic/cli-utils': '1.19.0',
87 silly install resolved        chalk: '^2.3.0',
87 silly install resolved        opn: '^5.1.0',
87 silly install resolved        semver: '^5.3.0',
87 silly install resolved        tslib: '^1.8.0' },
87 silly install resolved     devDependencies: { '@types/opn': '^5.1.0' },
87 silly install resolved     jest:
87 silly install resolved      { globals: [Object],
87 silly install resolved        moduleFileExtensions: [Object],
87 silly install resolved        transform: [Object],
87 silly install resolved        testRegex: '/__tests__/.*\\.(ts|js)$' },
87 silly install resolved     _id: 'ionic@3.19.0',
87 silly install resolved     _npmVersion: '5.5.1',
87 silly install resolved     _nodeVersion: '8.9.1',
87 silly install resolved     _npmUser: { name: 'dwieeb', email: 'dwieeb@gmail.com' },
87 silly install resolved     dist:
87 silly install resolved      { integrity: 'sha512-ehkZFkKeq5n2L3Mx087gN9pODHtn8js4QnSklp/rwBa4louBMcUGIfDJ3KiFwJZ95BX2kCwmwCYj7Oa/TKR9yQ==',
87 silly install resolved        shasum: 'e16a3389737292d7f751c50903009863fe3d181a',
87 silly install resolved        tarball: 'https://registry.npmjs.org/ionic/-/ionic-3.19.0.tgz' },
87 silly install resolved     maintainers: [ [Object], [Object], [Object], [Object], [Object], [Object] ],
87 silly install resolved     _npmOperationalInternal:
87 silly install resolved      { host: 's3://npm-registry-packages',
87 silly install resolved        tmp: 'tmp/ionic-3.19.0.tgz_1511312330724_0.09958924259990454' },
87 silly install resolved     directories: {},
87 silly install resolved     _shasum: 'e16a3389737292d7f751c50903009863fe3d181a',
87 silly install resolved     _resolved: 'https://registry.npmjs.org/ionic/-/ionic-3.19.0.tgz',
87 silly install resolved     _from: 'ionic@*' } ]
88 info install cordova@8.0.0 into /usr/local/lib
89 info install ionic@3.19.0 into /usr/local/lib
90 info installOne cordova@8.0.0
91 verbose installOne of cordova to /usr/local/lib not in flight; installing
92 info installOne ionic@3.19.0
93 verbose installOne of ionic to /usr/local/lib not in flight; installing
94 verbose makeDirectory /Users/Alverino/.npm/_locks creation not in flight; initializing
95 silly makeDirectory /Users/Alverino/.npm/_locks uid: 501 gid: 20
96 verbose makeDirectory /Users/Alverino/.npm/_locks creation already in flight; waiting
97 verbose lock using /Users/Alverino/.npm/_locks/cordova-fa12e2e096426a32.lock for /usr/local/lib/node_modules/cordova
98 verbose lock using /Users/Alverino/.npm/_locks/ionic-61c0cd50dc7a1457.lock for /usr/local/lib/node_modules/ionic
99 warn engine ionic@3.19.0: wanted: {"node":">=6.4.0"} (current: {"node":"4.2.2","npm":"2.14.7"})
100 silly install write writing cordova 8.0.0 to /usr/local/lib/node_modules/cordova
101 silly install write writing ionic 3.19.0 to /usr/local/lib/node_modules/ionic
102 verbose unbuild lib/node_modules/cordova
103 verbose unbuild lib/node_modules/ionic
104 silly gentlyRm /usr/local/lib/node_modules/cordova is being purged from base /usr/local
105 verbose gentlyRm don't care about contents; nuking /usr/local/lib/node_modules/cordova
106 silly gentlyRm /usr/local/lib/node_modules/ionic is being purged from base /usr/local
107 verbose gentlyRm don't care about contents; nuking /usr/local/lib/node_modules/ionic
108 verbose tar unpack /Users/Alverino/.npm/cordova/8.0.0/package.tgz
109 verbose tar unpacking to /usr/local/lib/node_modules/cordova
110 silly gentlyRm /usr/local/lib/node_modules/cordova is being purged
111 verbose gentlyRm don't care about contents; nuking /usr/local/lib/node_modules/cordova
112 verbose tar unpack /Users/Alverino/.npm/ionic/3.19.0/package.tgz
113 verbose tar unpacking to /usr/local/lib/node_modules/ionic
114 silly gentlyRm /usr/local/lib/node_modules/ionic is being purged
115 verbose gentlyRm don't care about contents; nuking /usr/local/lib/node_modules/ionic
116 silly gunzTarPerm modes [ '755', '644' ]
117 silly gunzTarPerm modes [ '755', '644' ]
118 error tar.unpack untar error /Users/Alverino/.npm/cordova/8.0.0/package.tgz
119 error tar.unpack untar error /Users/Alverino/.npm/ionic/3.19.0/package.tgz
120 verbose unlock done using /Users/Alverino/.npm/_locks/cordova-fa12e2e096426a32.lock for /usr/local/lib/node_modules/cordova
121 verbose unlock done using /Users/Alverino/.npm/_locks/ionic-61c0cd50dc7a1457.lock for /usr/local/lib/node_modules/ionic
122 verbose fstream_path /usr/local/lib/node_modules/cordova
123 verbose fstream_type Directory
124 verbose fstream_class DirWriter
125 verbose stack Error: EACCES: permission denied, mkdir '/usr/local/lib/node_modules/cordova'
125 verbose stack     at Error (native)
126 verbose fstream_stack /usr/local/lib/node_modules/npm/node_modules/fstream/lib/dir-writer.js:35:25
126 verbose fstream_stack /usr/local/lib/node_modules/npm/node_modules/mkdirp/index.js:47:53
126 verbose fstream_stack FSReqWrap.oncomplete (fs.js:82:15)
127 verbose cwd /Users/Alverino/Documents/NU Sophomore Year/Winter_Break_Gits/phoxt
128 error Darwin 16.7.0
129 error argv "/usr/local/bin/node" "/usr/local/bin/npm" "install" "-g" "cordova" "ionic"
130 error node v4.2.2
131 error npm  v2.14.7
132 error path /usr/local/lib/node_modules/cordova
133 error code EACCES
134 error errno -13
135 error syscall mkdir
136 error Error: EACCES: permission denied, mkdir '/usr/local/lib/node_modules/cordova'
136 error     at Error (native)
136 error  { [Error: EACCES: permission denied, mkdir '/usr/local/lib/node_modules/cordova']
136 error   errno: -13,
136 error   code: 'EACCES',
136 error   syscall: 'mkdir',
136 error   path: '/usr/local/lib/node_modules/cordova',
136 error   fstream_type: 'Directory',
136 error   fstream_path: '/usr/local/lib/node_modules/cordova',
136 error   fstream_class: 'DirWriter',
136 error   fstream_stack:
136 error    [ '/usr/local/lib/node_modules/npm/node_modules/fstream/lib/dir-writer.js:35:25',
136 error      '/usr/local/lib/node_modules/npm/node_modules/mkdirp/index.js:47:53',
136 error      'FSReqWrap.oncomplete (fs.js:82:15)' ] }
137 error Please try running this command again as root/Administrator.
138 verbose exit [ -13, true ]
139 verbose unbuild lib/node_modules/cordova
140 silly gentlyRm /usr/local/lib/node_modules/cordova is being purged from base /usr/local
141 verbose gentlyRm don't care about contents; nuking /usr/local/lib/node_modules/cordova
142 verbose unbuild lib/node_modules/ionic
143 silly gentlyRm /usr/local/lib/node_modules/ionic is being purged from base /usr/local
144 verbose gentlyRm don't care about contents; nuking /usr/local/lib/node_modules/ionic
